[18/1/2019 20:14:30] /newtype 65
[18/1/2019 20:14:33] /newtype 75
[18/1/2019 20:17:13] /light
[18/1/2019 20:52:19] /goto oldman
[18/1/2019 20:52:26] /town thais
[18/1/2019 20:52:36] /light
[18/1/2019 20:53:13] /a 2
[18/1/2019 20:53:18] /a 2
[18/1/2019 21:5:24] /a 2
[18/1/2019 21:6:3] /a 2
[18/1/2019 21:6:10] /a 2
[18/1/2019 21:6:15] /a 2
[18/1/2019 21:7:19] /a 2
[18/1/2019 21:7:19] /a 2
[18/1/2019 21:7:19] /a 2
[18/1/2019 21:7:19] /a 2
[18/1/2019 21:7:19] /a 2
[18/1/2019 21:7:20] /a 2
[18/1/2019 21:7:20] /a 2
[18/1/2019 21:7:21] /a 2
[18/1/2019 21:7:21] /a 2
[18/1/2019 21:7:21] /a 2
[18/1/2019 21:7:25] /a 2
[18/1/2019 21:7:26] /a 2
[18/1/2019 21:7:26] /a 2
[18/1/2019 21:7:26] /a 2
[18/1/2019 21:7:26] /a 2
[18/1/2019 21:7:32] /a 2
[18/1/2019 21:7:40] /a 2
[18/1/2019 21:17:11] /a 2
[18/1/2019 21:17:15] /light
[18/1/2019 21:17:51] /a 2
[18/1/2019 21:17:51] /a 2
[18/1/2019 21:17:51] /a 2
[18/1/2019 21:17:52] /a 2
[18/1/2019 21:17:52] /a 2
[18/1/2019 21:17:52] /a 2
[18/1/2019 21:17:52] /a 2
[18/1/2019 21:17:52] /a 2
[18/1/2019 21:17:52] /a 2
[18/1/2019 21:17:52] /a 2
[18/1/2019 21:17:52] /a 2
[18/1/2019 21:17:52] /a 2
[18/1/2019 21:17:52] /a 2
[18/1/2019 21:17:52] /a 2
[18/1/2019 21:17:52] /a 2
[18/1/2019 21:17:52] /a 2
[18/1/2019 21:17:52] /a 2
[18/1/2019 21:17:52] /a 2
[18/1/2019 21:17:52] /a 2
[18/1/2019 21:17:52] /a 2
[18/1/2019 21:17:52] /a 2
[18/1/2019 21:17:52] /a 2
[18/1/2019 21:17:52] /a 2
[18/1/2019 21:17:52] /a 2
[18/1/2019 21:17:52] /a 2
[18/1/2019 21:17:52] /a 2
[18/1/2019 21:17:52] /a 2
[18/1/2019 21:17:52] /a 2
[18/1/2019 21:17:52] /a 2
[18/1/2019 21:17:53] /a 2
[18/1/2019 21:17:53] /a 2
[18/1/2019 21:17:53] /a 2
[18/1/2019 21:17:53] /a 2
[18/1/2019 21:17:53] /a 2
[18/1/2019 21:17:53] /a 2
[18/1/2019 21:17:53] /a 2
[18/1/2019 21:17:53] /a 2
[18/1/2019 21:17:53] /a 2
[18/1/2019 21:17:53] /a 2
[18/1/2019 21:17:53] /a 2
[18/1/2019 21:17:53] /a 2
[18/1/2019 21:17:53] /a 2
[18/1/2019 21:17:53] /a 2
[18/1/2019 21:17:53] /a 2
[18/1/2019 21:17:53] /a 2
[18/1/2019 21:17:53] /a 2
[18/1/2019 21:17:53] /a 2
[18/1/2019 21:17:53] /a 2
[18/1/2019 21:17:53] /a 2
[18/1/2019 21:17:53] /a 2
[18/1/2019 21:17:53] /a 2
[18/1/2019 21:17:53] /a 2
[18/1/2019 21:17:53] /a 2
[18/1/2019 21:17:53] /a 2
[18/1/2019 21:17:53] /a 2
[18/1/2019 21:17:54] /a 2
[18/1/2019 21:17:54] /a 2
[18/1/2019 21:17:54] /a 2
[18/1/2019 21:17:54] /a 2
[18/1/2019 21:17:54] /a 2
[18/1/2019 21:17:54] /a 2
[18/1/2019 21:17:54] /a 2
[18/1/2019 21:17:54] /a 2
[18/1/2019 21:17:54] /a 2
[18/1/2019 21:17:54] /a 2
[18/1/2019 21:17:54] /a 2
[18/1/2019 21:17:54] /a 2
[18/1/2019 21:17:54] /a 2
[18/1/2019 21:17:54] /a 2
[18/1/2019 21:17:54] /a 2
[18/1/2019 21:17:54] /a 2
[18/1/2019 21:17:54] /a 2
[18/1/2019 21:17:54] /a 2
[18/1/2019 21:17:54] /a 2
[18/1/2019 21:17:54] /a 2
[18/1/2019 21:17:54] /a 2
[18/1/2019 21:17:54] /a 2
[18/1/2019 21:17:54] /a 2
[18/1/2019 21:17:54] /a 2
[18/1/2019 21:17:54] /a 2
[18/1/2019 21:17:54] /a 2
[18/1/2019 21:17:54] /a 2
[18/1/2019 21:17:54] /a 2
[18/1/2019 21:17:54] /a 2
[18/1/2019 21:17:54] /a 2
[18/1/2019 21:17:54] /a 2
[18/1/2019 21:17:55] /a 2
[18/1/2019 21:17:55] /a 2
[18/1/2019 21:17:55] /a 2
[18/1/2019 21:17:55] /a 2
[18/1/2019 21:17:55] /a 2
[18/1/2019 21:17:55] /a 2
[18/1/2019 21:17:55] /a 2
[18/1/2019 21:17:55] /a 2
[18/1/2019 21:17:55] /a 2
[18/1/2019 21:17:55] /a 2
[18/1/2019 21:17:55] /a 2
[18/1/2019 21:17:55] /a 2
[18/1/2019 21:17:55] /a 2
[18/1/2019 21:17:55] /a 2
[18/1/2019 21:17:55] /a 2
[18/1/2019 21:17:55] /a 2
[18/1/2019 21:17:55] /a 2
[18/1/2019 21:17:55] /a 2
[18/1/2019 21:17:55] /a 2
[18/1/2019 21:17:55] /a 2
[18/1/2019 21:17:55] /a 2
[18/1/2019 21:17:55] /a 2
[18/1/2019 21:17:55] /a 2
[18/1/2019 21:17:55] /a 2
[18/1/2019 21:17:55] /a 2
[18/1/2019 21:17:55] /a 2
[18/1/2019 21:17:55] /a 2
[18/1/2019 21:17:55] /a 2
[18/1/2019 21:17:56] /a 2
[18/1/2019 21:17:56] /a 2
[18/1/2019 21:17:56] /a 2
[18/1/2019 21:17:56] /a 2
[18/1/2019 21:17:56] /a 2
[18/1/2019 21:17:56] /a 2
[18/1/2019 21:17:56] /a 2
[18/1/2019 21:17:56] /a 2
[18/1/2019 21:17:56] /a 2
[18/1/2019 21:17:56] /a 2
[18/1/2019 21:17:56] /a 2
[18/1/2019 21:17:56] /a 2
[18/1/2019 21:17:56] /a 2
[18/1/2019 21:17:56] /a 2
[18/1/2019 21:17:56] /a 2
[18/1/2019 21:17:56] /a 2
[18/1/2019 21:17:56] /a 2
[18/1/2019 21:17:57] /a 2
[18/1/2019 21:17:57] /a 2
[18/1/2019 21:17:57] /a 2
[18/1/2019 21:17:57] /a 2
[18/1/2019 21:17:57] /a 2
[18/1/2019 21:17:57] /a 2
[18/1/2019 21:17:57] /a 2
[18/1/2019 21:17:57] /a 2
[18/1/2019 21:17:57] /a 2
[18/1/2019 21:17:57] /a 2
[18/1/2019 21:17:58] /a 2
[18/1/2019 21:17:58] /a 2
[18/1/2019 21:17:58] /a 2
[18/1/2019 21:17:58] /a 2
[18/1/2019 21:17:58] /a 2
[18/1/2019 21:17:58] /a 2
[18/1/2019 21:17:58] /a 2
[18/1/2019 21:17:58] /a 2
[18/1/2019 21:17:58] /a 2
[18/1/2019 21:17:58] /a 2
[18/1/2019 21:17:58] /a 2
[18/1/2019 21:17:58] /a 2
[18/1/2019 21:17:58] /a 2
[18/1/2019 21:17:58] /a 2
[18/1/2019 21:17:59] /a 2
[18/1/2019 21:17:59] /a 2
[18/1/2019 21:17:59] /a 2
[18/1/2019 21:17:59] /a 2
[18/1/2019 21:17:59] /a 2
[18/1/2019 21:17:59] /a 2
[18/1/2019 21:18:0] /a 2
[18/1/2019 21:18:0] /a 2
[18/1/2019 21:18:0] /a 2
[18/1/2019 21:18:0] /a 2
[18/1/2019 21:18:0] /a 2
[18/1/2019 21:18:1] /a 2
[18/1/2019 21:18:1] /a 2
[18/1/2019 21:18:1] /a 2
[18/1/2019 21:18:1] /a 2
[18/1/2019 21:18:1] /a 2
[18/1/2019 21:18:1] /a 2
[18/1/2019 21:18:1] /a 2
[18/1/2019 21:18:1] /a 2
[18/1/2019 21:18:1] /a 2
[18/1/2019 21:18:1] /a 2
[18/1/2019 21:18:1] /a 2
[18/1/2019 21:18:1] /a 2
[18/1/2019 21:18:1] /a 2
[18/1/2019 21:18:1] /a 2
[18/1/2019 21:18:1] /a 2
[18/1/2019 21:18:1] /a 2
[18/1/2019 21:18:1] /a 2
[18/1/2019 21:18:1] /a 2
[18/1/2019 21:18:1] /a 2
[18/1/2019 21:18:1] /a 2
[18/1/2019 21:18:1] /a 2
[18/1/2019 21:18:1] /a 2
[18/1/2019 21:18:1] /a 2
[18/1/2019 21:18:1] /a 2
[18/1/2019 21:18:1] /a 2
[18/1/2019 21:18:1] /a 2
[18/1/2019 21:18:1] /a 2
[18/1/2019 21:18:1] /a 2
[18/1/2019 21:18:2] /a 2
[18/1/2019 21:18:2] /a 2
[18/1/2019 21:18:2] /a 2
[18/1/2019 21:18:2] /a 2
[18/1/2019 21:18:2] /a 2
[18/1/2019 21:18:2] /a 2
[18/1/2019 21:18:3] /a 2
[18/1/2019 21:18:3] /a 2
[18/1/2019 21:18:3] /a 2
[18/1/2019 21:18:3] /a 2
[18/1/2019 21:18:3] /a 2
[18/1/2019 21:18:3] /a 2
[18/1/2019 21:18:3] /a 2
[18/1/2019 21:18:3] /a 2
[18/1/2019 21:18:3] /a 2
[18/1/2019 21:18:3] /a 2
[18/1/2019 21:18:4] /a 2
[18/1/2019 21:18:4] /a 2
[18/1/2019 21:18:4] /a 2
[18/1/2019 21:18:4] /a 2
[18/1/2019 21:18:4] /a 2
[18/1/2019 21:18:4] /a 2
[18/1/2019 21:18:4] /a 2
[18/1/2019 21:18:4] /a 2
[18/1/2019 21:18:4] /a 2
[18/1/2019 21:18:4] /a 2
[18/1/2019 21:18:4] /a 2
[18/1/2019 21:18:4] /a 2
[18/1/2019 21:18:4] /a 2
[18/1/2019 21:18:4] /a 2
[18/1/2019 21:18:4] /a 2
[18/1/2019 21:18:4] /a 2
[18/1/2019 21:18:4] /a 2
[18/1/2019 21:18:4] /a 2
[18/1/2019 21:18:4] /a 2
[18/1/2019 21:18:4] /a 2
[18/1/2019 21:18:4] /a 2
[18/1/2019 21:18:4] /a 2
[18/1/2019 21:18:4] /a 2
[18/1/2019 21:18:5] /a 2
[18/1/2019 21:18:5] /a 2
[18/1/2019 21:18:5] /a 2
[18/1/2019 21:18:5] /a 2
[18/1/2019 21:18:5] /a 2
[18/1/2019 21:18:5] /a 2
[18/1/2019 21:18:5] /a 2
[18/1/2019 21:18:6] /a 2
[18/1/2019 21:18:6] /a 2
[18/1/2019 21:18:6] /a 2
[18/1/2019 21:18:6] /a 2
[18/1/2019 21:18:6] /a 2
[18/1/2019 21:18:6] /a 2
[18/1/2019 21:18:6] /a 2
[18/1/2019 21:18:6] /a 2
[18/1/2019 21:18:6] /a 2
[18/1/2019 21:18:6] /a 2
[18/1/2019 21:18:6] /a 2
[18/1/2019 21:18:6] /a 2
[18/1/2019 21:18:6] /a 2
[18/1/2019 21:18:6] /a 2
[18/1/2019 21:18:6] /a 2
[18/1/2019 21:18:7] /a 2
[18/1/2019 21:18:7] /a 2
[18/1/2019 21:18:7] /a 2
[18/1/2019 21:18:7] /a 2
[18/1/2019 21:18:7] /a 2
[18/1/2019 21:18:7] /a 2
[18/1/2019 21:18:7] /a 2
[18/1/2019 21:18:7] /a 2
[18/1/2019 21:18:7] /a 2
[18/1/2019 21:18:7] /a 2
[18/1/2019 21:18:7] /a 2
[18/1/2019 21:18:7] /a 2
[18/1/2019 21:18:7] /a 2
[18/1/2019 21:18:8] /a 2
[18/1/2019 21:18:8] /a 2
[18/1/2019 21:18:8] /a 2
[18/1/2019 21:18:8] /a 2
[18/1/2019 21:18:8] /a 2
[18/1/2019 21:18:8] /a 2
[18/1/2019 21:18:8] /a 2
[18/1/2019 21:18:8] /a 2
[18/1/2019 21:18:9] /a 2
[18/1/2019 21:18:9] /a 2
[18/1/2019 21:18:9] /a 2
[18/1/2019 21:18:9] /a 2
[18/1/2019 21:18:9] /a 2
[18/1/2019 21:18:9] /a 2
[18/1/2019 21:18:9] /a 2
[18/1/2019 21:18:9] /a 2
[18/1/2019 21:18:9] /a 2
[18/1/2019 21:18:9] /a 2
[18/1/2019 21:18:10] /a 2
[18/1/2019 21:18:10] /a 2
[18/1/2019 21:18:10] /a 2
[18/1/2019 21:18:10] /a 2
[18/1/2019 21:18:10] /a 2
[18/1/2019 21:18:10] /a 2
[18/1/2019 21:18:10] /a 2
[18/1/2019 21:18:11] /a 2
[18/1/2019 21:18:11] /a 2
[18/1/2019 21:18:11] /a 2
[18/1/2019 21:18:11] /a 2
[18/1/2019 21:18:12] /a 2
[18/1/2019 21:18:12] /a 2
[18/1/2019 21:18:12] /a 2
[18/1/2019 21:18:12] /a 2
[18/1/2019 21:18:12] /a 2
[18/1/2019 21:18:12] /a 2
[18/1/2019 21:18:13] /a 2
[18/1/2019 21:18:14] /a 2
[18/1/2019 21:18:15] /a 2
[18/1/2019 21:18:18] /a 2
[18/1/2019 21:18:19] /a 2
[18/1/2019 21:18:44] /down
[18/1/2019 21:21:52] /a 2
[18/1/2019 21:22:16] /a 2
[18/1/2019 21:22:36] /a 2
[18/1/2019 21:22:36] /a 2
[18/1/2019 21:22:36] /a 2
[18/1/2019 21:22:36] /a 2
[18/1/2019 21:22:37] /a 2
[18/1/2019 21:22:37] /a 2
[18/1/2019 21:22:37] /a 2
[18/1/2019 21:22:37] /a 2
[18/1/2019 21:22:38] /a 2
[18/1/2019 21:22:38] /a 2
[18/1/2019 21:22:39] /a 2
[18/1/2019 21:22:41] /a 2
[18/1/2019 21:22:42] /a 2
[18/1/2019 21:22:43] /a 2
[18/1/2019 21:22:43] /a 2
[18/1/2019 21:22:43] /a 2
[18/1/2019 21:22:44] /a 2
[18/1/2019 21:22:44] /a 2
[18/1/2019 21:22:44] /a 2
[18/1/2019 21:22:45] /a 2
[18/1/2019 21:22:45] /a 2
[18/1/2019 21:22:45] /a 2
[18/1/2019 21:22:45] /a 2
[18/1/2019 21:22:45] /a 2
[18/1/2019 21:22:46] /a 2
[18/1/2019 21:22:46] /a 2
[18/1/2019 21:22:46] /a 2
[18/1/2019 21:22:46] /a 2
[18/1/2019 21:22:47] /a 2
[18/1/2019 21:22:47] /a 2
[18/1/2019 21:22:47] /a 2
[18/1/2019 21:22:48] /a 2
[18/1/2019 21:22:48] /a 2
[18/1/2019 21:22:51] /a 2
[18/1/2019 21:22:53] /a 2
[18/1/2019 21:22:54] /a 2
[18/1/2019 21:22:54] /a 2
[18/1/2019 21:22:54] /a 2
[18/1/2019 21:22:59] /a 2
[18/1/2019 21:22:59] /a 2
[18/1/2019 21:23:0] /a 2
[18/1/2019 21:23:2] /a 2
[18/1/2019 21:23:3] /a 2
[18/1/2019 21:23:3] /a 2
[18/1/2019 21:23:12] /a 2
[18/1/2019 21:23:13] /a 2
[18/1/2019 21:23:13] /a 2
[18/1/2019 21:23:13] /a 2
[18/1/2019 21:23:13] /a 2
[18/1/2019 21:23:13] /a 2
[18/1/2019 21:23:14] /a 2
[18/1/2019 21:23:14] /a 2
[18/1/2019 21:23:14] /a 2
[18/1/2019 21:23:15] /a 2
[18/1/2019 21:23:15] /a 2
[18/1/2019 21:23:15] /a 2
[18/1/2019 21:23:16] /a 2
[18/1/2019 21:23:16] /a 2
[18/1/2019 21:23:16] /a 2
[18/1/2019 21:23:16] /a 2
[18/1/2019 21:23:17] /a 2
[18/1/2019 21:23:17] /a 2
[18/1/2019 21:23:17] /a 2
[18/1/2019 21:23:17] /a 2
[18/1/2019 21:23:17] /a 2
[18/1/2019 21:23:18] /a 2
[18/1/2019 21:23:18] /a 2
[18/1/2019 21:23:18] /a 2
[18/1/2019 21:23:19] /a 2
[18/1/2019 21:23:19] /a 2
[18/1/2019 21:23:20] /a 2
[18/1/2019 21:23:20] /a 2
[18/1/2019 21:23:20] /a 2
[18/1/2019 21:23:20] /a 2
[18/1/2019 21:23:21] /a 2
[18/1/2019 21:23:21] /a 2
[18/1/2019 21:23:21] /a 2
[18/1/2019 21:23:22] /a 2
[18/1/2019 21:23:22] /a 2
[18/1/2019 21:23:22] /a 2
[18/1/2019 21:23:23] /a 2
[18/1/2019 21:23:25] /a 2
[18/1/2019 21:23:26] /a 2
[18/1/2019 21:23:27] /a 2
[18/1/2019 21:24:26] /a 2
[18/1/2019 21:24:27] /a 2
[18/1/2019 21:24:27] /a 2
[18/1/2019 21:24:27] /a 2
[18/1/2019 21:24:27] /a 2
[18/1/2019 21:24:27] /a 2
[18/1/2019 21:24:27] /a 2
[18/1/2019 21:24:28] /a 2
[18/1/2019 21:24:28] /a 2
[18/1/2019 21:24:28] /a 2
[18/1/2019 21:24:28] /a 2
[18/1/2019 21:24:28] /a 2
[18/1/2019 21:24:28] /a 2
[18/1/2019 21:24:29] /a 2
[18/1/2019 21:24:29] /a 2
[18/1/2019 21:24:29] /a 2
[18/1/2019 21:24:29] /a 2
[18/1/2019 21:24:29] /a 2
[18/1/2019 21:24:29] /a 2
[18/1/2019 21:24:30] /a 2
[18/1/2019 21:24:30] /a 2
[18/1/2019 21:24:30] /a 2
[18/1/2019 21:24:30] /a 2
[18/1/2019 21:24:30] /a 2
[18/1/2019 21:24:32] /a 2
[18/1/2019 21:24:34] /a 2
[18/1/2019 21:24:35] /a 2
[18/1/2019 21:24:35] /a 2
[18/1/2019 21:24:35] /a 2
[18/1/2019 21:24:41] /a 2
[18/1/2019 21:24:41] /a 2
[18/1/2019 21:24:41] /a 2
[18/1/2019 21:24:41] /a 2
[18/1/2019 21:24:41] /a 2
[18/1/2019 21:24:42] /a 2
[18/1/2019 21:24:42] /a 2
[18/1/2019 21:24:42] /a 2
[18/1/2019 21:24:42] /a 2
[18/1/2019 21:24:42] /a 2
[18/1/2019 21:24:42] /a 2
[18/1/2019 21:24:42] /a 2
[18/1/2019 21:24:42] /a 2
[18/1/2019 21:24:42] /a 2
[18/1/2019 21:24:42] /a 2
[18/1/2019 21:24:42] /a 2
[18/1/2019 21:24:42] /a 2
[18/1/2019 21:24:42] /a 2
[18/1/2019 21:24:42] /a 2
[18/1/2019 21:24:42] /a 2
[18/1/2019 21:24:42] /a 2
[18/1/2019 21:24:42] /a 2
[18/1/2019 21:24:42] /a 2
[18/1/2019 21:24:42] /a 2
[18/1/2019 21:24:42] /a 2
[18/1/2019 21:24:42] /a 2
[18/1/2019 21:24:42] /a 2
[18/1/2019 21:24:42] /a 2
[18/1/2019 21:24:42] /a 2
[18/1/2019 21:24:42] /a 2
[18/1/2019 21:24:42] /a 2
[18/1/2019 21:24:42] /a 2
[18/1/2019 21:24:42] /a 2
[18/1/2019 21:24:42] /a 2
[18/1/2019 21:24:42] /a 2
[18/1/2019 21:24:42] /a 2
[18/1/2019 21:24:42] /a 2
[18/1/2019 21:24:43] /a 2
[18/1/2019 21:24:43] /a 2
[18/1/2019 21:24:43] /a 2
[18/1/2019 21:24:43] /a 2
[18/1/2019 21:24:43] /a 2
[18/1/2019 21:24:43] /a 2
[18/1/2019 21:24:43] /a 2
[18/1/2019 21:24:43] /a 2
[18/1/2019 21:24:43] /a 2
[18/1/2019 21:24:43] /a 2
[18/1/2019 21:24:43] /a 2
[18/1/2019 21:24:43] /a 2
[18/1/2019 21:24:43] /a 2
[18/1/2019 21:24:43] /a 2
[18/1/2019 21:24:43] /a 2
[18/1/2019 21:24:43] /a 2
[18/1/2019 21:24:43] /a 2
[18/1/2019 21:24:43] /a 2
[18/1/2019 21:24:43] /a 2
[18/1/2019 21:24:43] /a 2
[18/1/2019 21:24:43] /a 2
[18/1/2019 21:24:43] /a 2
[18/1/2019 21:24:43] /a 2
[18/1/2019 21:24:43] /a 2
[18/1/2019 21:24:43] /a 2
[18/1/2019 21:24:43] /a 2
[18/1/2019 21:24:43] /a 2
[18/1/2019 21:24:43] /a 2
[18/1/2019 21:24:43] /a 2
[18/1/2019 21:24:43] /a 2
[18/1/2019 21:24:44] /a 2
[18/1/2019 21:24:44] /a 2
[18/1/2019 21:24:44] /a 2
[18/1/2019 21:24:44] /a 2
[18/1/2019 21:24:44] /a 2
[18/1/2019 21:24:44] /a 2
[18/1/2019 21:24:44] /a 2
[18/1/2019 21:24:44] /a 2
[18/1/2019 21:24:44] /a 2
[18/1/2019 21:24:44] /a 2
[18/1/2019 21:24:44] /a 2
[18/1/2019 21:24:44] /a 2
[18/1/2019 21:24:44] /a 2
[18/1/2019 21:24:44] /a 2
[18/1/2019 21:24:44] /a 2
[18/1/2019 21:24:44] /a 2
[18/1/2019 21:24:44] /a 2
[18/1/2019 21:24:44] /a 2
[18/1/2019 21:24:44] /a 2
[18/1/2019 21:24:44] /a 2
[18/1/2019 21:24:44] /a 2
[18/1/2019 21:24:44] /a 2
[18/1/2019 21:24:44] /a 2
[18/1/2019 21:24:44] /a 2
[18/1/2019 21:24:44] /a 2
[18/1/2019 21:24:44] /a 2
[18/1/2019 21:24:44] /a 2
[18/1/2019 21:24:44] /a 2
[18/1/2019 21:24:44] /a 2
[18/1/2019 21:24:45] /a 2
[18/1/2019 21:24:45] /a 2
[18/1/2019 21:24:45] /a 2
[18/1/2019 21:24:45] /a 2
[18/1/2019 21:24:45] /a 2
[18/1/2019 21:24:45] /a 2
[18/1/2019 21:24:45] /a 2
[18/1/2019 21:24:45] /a 2
[18/1/2019 21:24:45] /a 2
[18/1/2019 21:24:45] /a 2
[18/1/2019 21:24:45] /a 2
[18/1/2019 21:24:45] /a 2
[18/1/2019 21:24:45] /a 2
[18/1/2019 21:24:45] /a 2
[18/1/2019 21:24:45] /a 2
[18/1/2019 21:24:45] /a 2
[18/1/2019 21:24:45] /a 2
[18/1/2019 21:24:45] /a 2
[18/1/2019 21:24:45] /a 2
[18/1/2019 21:24:45] /a 2
[18/1/2019 21:24:45] /a 2
[18/1/2019 21:24:45] /a 2
[18/1/2019 21:24:45] /a 2
[18/1/2019 21:24:45] /a 2
[18/1/2019 21:24:45] /a 2
[18/1/2019 21:24:45] /a 2
[18/1/2019 21:24:45] /a 2
[18/1/2019 21:24:45] /a 2
[18/1/2019 21:24:45] /a 2
[18/1/2019 21:24:45] /a 2
[18/1/2019 21:24:46] /a 2
[18/1/2019 21:24:46] /a 2
[18/1/2019 21:24:46] /a 2
[18/1/2019 21:24:46] /a 2
[18/1/2019 21:24:46] /a 2
[18/1/2019 21:24:46] /a 2
[18/1/2019 21:24:46] /a 2
[18/1/2019 21:24:46] /a 2
[18/1/2019 21:24:46] /a 2
[18/1/2019 21:24:46] /a 2
[18/1/2019 21:24:46] /a 2
[18/1/2019 21:24:46] /a 2
[18/1/2019 21:24:46] /a 2
[18/1/2019 21:24:46] /a 2
[18/1/2019 21:24:46] /a 2
[18/1/2019 21:24:46] /a 2
[18/1/2019 21:24:46] /a 2
[18/1/2019 21:24:46] /a 2
[18/1/2019 21:24:46] /a 2
[18/1/2019 21:24:46] /a 2
[18/1/2019 21:24:47] /a 2
[18/1/2019 21:24:47] /a 2
[18/1/2019 21:24:47] /a 2
[18/1/2019 21:24:47] /a 2
[18/1/2019 21:24:47] /a 2
[18/1/2019 21:24:47] /a 2
[18/1/2019 21:24:47] /a 2
[18/1/2019 21:24:47] /a 2
[18/1/2019 21:24:47] /a 2
[18/1/2019 21:24:47] /a 2
[18/1/2019 21:24:47] /a 2
[18/1/2019 21:24:47] /a 2
[18/1/2019 21:24:47] /a 2
[18/1/2019 21:24:47] /a 2
[18/1/2019 21:24:47] /a 2
[18/1/2019 21:24:47] /a 2
[18/1/2019 21:24:48] /a 2
[18/1/2019 21:24:48] /a 2
[18/1/2019 21:24:48] /a 2
[18/1/2019 21:24:48] /a 2
[18/1/2019 21:24:48] /a 2
[18/1/2019 21:24:48] /a 2
[18/1/2019 21:24:48] /a 2
[18/1/2019 21:24:48] /a 2
[18/1/2019 21:24:48] /a 2
[18/1/2019 21:24:48] /a 2
[18/1/2019 21:24:49] /a 2
[18/1/2019 21:24:49] /a 2
[18/1/2019 21:24:49] /a 2
[18/1/2019 21:24:49] /a 2
[18/1/2019 21:24:49] /a 2
[18/1/2019 21:24:49] /a 2
[18/1/2019 21:24:49] /a 2
[18/1/2019 21:24:49] /a 2
[18/1/2019 21:24:49] /a 2
[18/1/2019 21:24:49] /a 2
[18/1/2019 21:24:49] /a 2
[18/1/2019 21:24:49] /a 2
[18/1/2019 21:24:49] /a 2
[18/1/2019 21:24:49] /a 2
[18/1/2019 21:24:49] /a 2
[18/1/2019 21:24:49] /a 2
[18/1/2019 21:24:49] /a 2
[18/1/2019 21:24:49] /a 2
[18/1/2019 21:24:49] /a 2
[18/1/2019 21:24:49] /a 2
[18/1/2019 21:24:49] /a 2
[18/1/2019 21:24:49] /a 2
[18/1/2019 21:24:49] /a 2
[18/1/2019 21:24:49] /a 2
[18/1/2019 21:24:49] /a 2
[18/1/2019 21:24:49] /a 2
[18/1/2019 21:24:49] /a 2
[18/1/2019 21:24:49] /a 2
[18/1/2019 21:24:49] /a 2
[18/1/2019 21:24:49] /a 2
[18/1/2019 21:24:49] /a 2
[18/1/2019 21:24:50] /a 2
[18/1/2019 21:24:50] /a 2
[18/1/2019 21:24:50] /a 2
[18/1/2019 21:24:50] /a 2
[18/1/2019 21:24:50] /a 2
[18/1/2019 21:24:50] /a 2
[18/1/2019 21:24:50] /a 2
[18/1/2019 21:24:50] /a 2
[18/1/2019 21:24:50] /a 2
[18/1/2019 21:24:50] /a 2
[18/1/2019 21:24:50] /a 2
[18/1/2019 21:24:50] /a 2
[18/1/2019 21:24:50] /a 2
[18/1/2019 21:24:50] /a 2
[18/1/2019 21:24:50] /a 2
[18/1/2019 21:24:50] /a 2
[18/1/2019 21:24:50] /a 2
[18/1/2019 21:24:50] /a 2
[18/1/2019 21:24:50] /a 2
[18/1/2019 21:24:50] /a 2
[18/1/2019 21:24:50] /a 2
[18/1/2019 21:24:50] /a 2
[18/1/2019 21:24:50] /a 2
[18/1/2019 21:24:50] /a 2
[18/1/2019 21:24:51] /a 2
[18/1/2019 21:24:51] /a 2
[18/1/2019 21:24:51] /a 2
[18/1/2019 21:24:51] /a 2
[18/1/2019 21:24:51] /a 2
[18/1/2019 21:24:51] /a 2
[18/1/2019 21:24:51] /a 2
[18/1/2019 21:24:51] /a 2
[18/1/2019 21:24:51] /a 2
[18/1/2019 21:24:51] /a 2
[18/1/2019 21:24:51] /a 2
[18/1/2019 21:24:51] /a 2
[18/1/2019 21:24:51] /a 2
[18/1/2019 21:24:51] /a 2
[18/1/2019 21:24:51] /a 2
[18/1/2019 21:24:51] /a 2
[18/1/2019 21:24:51] /a 2
[18/1/2019 21:24:51] /a 2
[18/1/2019 21:24:52] /a 2
[18/1/2019 21:24:52] /a 2
[18/1/2019 21:24:52] /a 2
[18/1/2019 21:24:52] /a 2
[18/1/2019 21:24:52] /a 2
[18/1/2019 21:24:52] /a 2
[18/1/2019 21:24:52] /a 2
[18/1/2019 21:24:52] /a 2
[18/1/2019 21:24:52] /a 2
[18/1/2019 21:24:52] /a 2
[18/1/2019 21:24:52] /a 2
[18/1/2019 21:24:52] /a 2
[18/1/2019 21:24:52] /a 2
[18/1/2019 21:24:52] /a 2
[18/1/2019 21:24:52] /a 2
[18/1/2019 21:24:53] /a 2
[18/1/2019 21:24:53] /a 2
[18/1/2019 21:24:53] /a 2
[18/1/2019 21:24:53] /a 2
[18/1/2019 21:24:53] /a 2
[18/1/2019 21:24:53] /a 2
[18/1/2019 21:24:53] /a 2
[18/1/2019 21:24:53] /a 2
[18/1/2019 21:24:53] /a 2
[18/1/2019 21:24:53] /a 2
[18/1/2019 21:24:53] /a 2
[18/1/2019 21:24:54] /a 2
[18/1/2019 21:24:54] /a 2
[18/1/2019 21:24:54] /a 2
[18/1/2019 21:24:56] /a 2
[18/1/2019 21:24:57] /a 2
[18/1/2019 21:24:57] /a 2
[18/1/2019 21:24:57] /a 2
[18/1/2019 21:25:2] /a 2
[18/1/2019 21:25:9] /a 2
[18/1/2019 21:25:20] /a 2
[18/1/2019 21:25:20] /a 2
[18/1/2019 21:25:21] /a 2
[18/1/2019 21:25:23] /a 2
[18/1/2019 21:25:24] /a 2
[18/1/2019 21:25:24] /a 2
[18/1/2019 21:25:24] /a 2
[18/1/2019 21:25:24] /a 2
[18/1/2019 21:25:25] /a 2
[18/1/2019 21:25:26] /a 2
[18/1/2019 21:25:26] /a 2
[18/1/2019 21:25:26] /a 2
[18/1/2019 21:25:27] /a 2
[18/1/2019 21:25:27] /a 2
[18/1/2019 21:25:27] /a 2
[18/1/2019 21:25:27] /a 2
[18/1/2019 21:25:27] /a 2
[18/1/2019 21:25:28] /a 2
[18/1/2019 21:25:28] /a 2
[18/1/2019 21:25:28] /a 2
[18/1/2019 21:25:29] /a 2
[18/1/2019 21:25:29] /a 2
[18/1/2019 21:25:29] /a 2
[18/1/2019 21:25:29] /a 2
[18/1/2019 21:25:30] /a 2
[18/1/2019 21:25:30] /a 2
[18/1/2019 21:25:30] /a 2
[18/1/2019 21:25:30] /a 2
[18/1/2019 21:25:30] /a 2
[18/1/2019 21:25:31] /a 2
[18/1/2019 21:25:31] /a 2
[18/1/2019 21:25:31] /a 2
[18/1/2019 21:25:31] /a 2
[18/1/2019 21:25:31] /a 2
[18/1/2019 21:25:32] /a 2
[18/1/2019 21:25:32] /a 2
[18/1/2019 21:25:32] /a 2
[18/1/2019 21:25:32] /a 2
[18/1/2019 21:25:36] /a 2
[18/1/2019 21:25:41] /a 2
[18/1/2019 21:25:42] /a 2
[18/1/2019 21:25:42] /a 2
[18/1/2019 21:25:42] /a 2
[18/1/2019 21:25:43] /a 2
[18/1/2019 21:25:44] /a 2
[18/1/2019 21:25:44] /a 2
[18/1/2019 21:25:44] /a 2
[18/1/2019 21:25:44] /a 2
[18/1/2019 21:25:44] /a 2
[18/1/2019 21:25:44] /a 2
[18/1/2019 21:25:45] /a 2
[18/1/2019 21:25:45] /a 2
[18/1/2019 21:25:45] /a 2
[18/1/2019 21:25:45] /a 2
[18/1/2019 21:25:45] /a 2
[18/1/2019 21:25:45] /a 2
[18/1/2019 21:25:45] /a 2
[18/1/2019 21:25:45] /a 2
[18/1/2019 21:25:45] /a 2
[18/1/2019 21:25:45] /a 2
[18/1/2019 21:25:45] /a 2
[18/1/2019 21:25:45] /a 2
[18/1/2019 21:25:45] /a 2
[18/1/2019 21:25:45] /a 2
[18/1/2019 21:25:45] /a 2
[18/1/2019 21:25:45] /a 2
[18/1/2019 21:25:45] /a 2
[18/1/2019 21:25:45] /a 2
[18/1/2019 21:25:45] /a 2
[18/1/2019 21:25:45] /a 2
[18/1/2019 21:25:45] /a 2
[18/1/2019 21:25:45] /a 2
[18/1/2019 21:25:45] /a 2
[18/1/2019 21:25:45] /a 2
[18/1/2019 21:25:45] /a 2
[18/1/2019 21:25:45] /a 2
[18/1/2019 21:25:45] /a 2
[18/1/2019 21:25:45] /a 2
[18/1/2019 21:25:45] /a 2
[18/1/2019 21:25:45] /a 2
[18/1/2019 21:25:45] /a 2
[18/1/2019 21:25:46] /a 2
[18/1/2019 21:25:46] /a 2
[18/1/2019 21:25:46] /a 2
[18/1/2019 21:25:46] /a 2
[18/1/2019 21:25:46] /a 2
[18/1/2019 21:25:46] /a 2
[18/1/2019 21:25:46] /a 2
[18/1/2019 21:25:46] /a 2
[18/1/2019 21:25:46] /a 2
[18/1/2019 21:25:46] /a 2
[18/1/2019 21:25:46] /a 2
[18/1/2019 21:25:46] /a 2
[18/1/2019 21:25:46] /a 2
[18/1/2019 21:25:46] /a 2
[18/1/2019 21:25:46] /a 2
[18/1/2019 21:25:46] /a 2
[18/1/2019 21:25:46] /a 2
[18/1/2019 21:25:46] /a 2
[18/1/2019 21:25:46] /a 2
[18/1/2019 21:25:46] /a 2
[18/1/2019 21:25:46] /a 2
[18/1/2019 21:25:46] /a 2
[18/1/2019 21:25:46] /a 2
[18/1/2019 21:25:46] /a 2
[18/1/2019 21:25:46] /a 2
[18/1/2019 21:25:46] /a 2
[18/1/2019 21:25:46] /a 2
[18/1/2019 21:25:46] /a 2
[18/1/2019 21:25:46] /a 2
[18/1/2019 21:25:46] /a 2
[18/1/2019 21:25:47] /a 2
[18/1/2019 21:25:47] /a 2
[18/1/2019 21:25:47] /a 2
[18/1/2019 21:25:47] /a 2
[18/1/2019 21:25:47] /a 2
[18/1/2019 21:25:47] /a 2
[18/1/2019 21:25:47] /a 2
[18/1/2019 21:25:47] /a 2
[18/1/2019 21:25:47] /a 2
[18/1/2019 21:25:47] /a 2
[18/1/2019 21:25:47] /a 2
[18/1/2019 21:25:47] /a 2
[18/1/2019 21:25:47] /a 2
[18/1/2019 21:25:47] /a 2
[18/1/2019 21:25:47] /a 2
[18/1/2019 21:25:47] /a 2
[18/1/2019 21:25:47] /a 2
[18/1/2019 21:25:47] /a 2
[18/1/2019 21:25:47] /a 2
[18/1/2019 21:25:47] /a 2
[18/1/2019 21:25:47] /a 2
[18/1/2019 21:25:47] /a 2
[18/1/2019 21:25:47] /a 2
[18/1/2019 21:25:47] /a 2
[18/1/2019 21:25:47] /a 2
[18/1/2019 21:25:47] /a 2
[18/1/2019 21:25:47] /a 2
[18/1/2019 21:25:47] /a 2
[18/1/2019 21:25:47] /a 2
[18/1/2019 21:25:47] /a 2
[18/1/2019 21:25:47] /a 2
[18/1/2019 21:25:48] /a 2
[18/1/2019 21:25:48] /a 2
[18/1/2019 21:25:48] /a 2
[18/1/2019 21:25:48] /a 2
[18/1/2019 21:25:48] /a 2
[18/1/2019 21:25:48] /a 2
[18/1/2019 21:25:48] /a 2
[18/1/2019 21:25:48] /a 2
[18/1/2019 21:25:48] /a 2
[18/1/2019 21:25:48] /a 2
[18/1/2019 21:25:48] /a 2
[18/1/2019 21:25:48] /a 2
[18/1/2019 21:25:48] /a 2
[18/1/2019 21:25:48] /a 2
[18/1/2019 21:25:48] /a 2
[18/1/2019 21:25:48] /a 2
[18/1/2019 21:25:48] /a 2
[18/1/2019 21:25:48] /a 2
[18/1/2019 21:25:48] /a 2
[18/1/2019 21:25:48] /a 2
[18/1/2019 21:25:48] /a 2
[18/1/2019 21:25:48] /a 2
[18/1/2019 21:25:48] /a 2
[18/1/2019 21:25:48] /a 2
[18/1/2019 21:25:48] /a 2
[18/1/2019 21:25:48] /a 2
[18/1/2019 21:25:48] /a 2
[18/1/2019 21:25:48] /a 2
[18/1/2019 21:25:48] /a 2
[18/1/2019 21:25:48] /a 2
[18/1/2019 21:25:48] /a 2
[18/1/2019 21:25:49] /a 2
[18/1/2019 21:25:49] /a 2
[18/1/2019 21:25:49] /a 2
[18/1/2019 21:25:49] /a 2
[18/1/2019 21:25:49] /a 2
[18/1/2019 21:25:49] /a 2
[18/1/2019 21:25:49] /a 2
[18/1/2019 21:25:49] /a 2
[18/1/2019 21:25:49] /a 2
[18/1/2019 21:25:49] /a 2
[18/1/2019 21:25:49] /a 2
[18/1/2019 21:25:49] /a 2
[18/1/2019 21:25:49] /a 2
[18/1/2019 21:25:49] /a 2
[18/1/2019 21:25:49] /a 2
[18/1/2019 21:25:49] /a 2
[18/1/2019 21:25:49] /a 2
[18/1/2019 21:25:49] /a 2
[18/1/2019 21:25:49] /a 2
[18/1/2019 21:25:49] /a 2
[18/1/2019 21:25:49] /a 2
[18/1/2019 21:25:49] /a 2
[18/1/2019 21:25:49] /a 2
[18/1/2019 21:25:49] /a 2
[18/1/2019 21:25:49] /a 2
[18/1/2019 21:25:49] /a 2
[18/1/2019 21:25:49] /a 2
[18/1/2019 21:25:49] /a 2
[18/1/2019 21:25:49] /a 2
[18/1/2019 21:25:49] /a 2
[18/1/2019 21:25:49] /a 2
[18/1/2019 21:25:50] /a 2
[18/1/2019 21:25:50] /a 2
[18/1/2019 21:25:50] /a 2
[18/1/2019 21:25:50] /a 2
[18/1/2019 21:25:50] /a 2
[18/1/2019 21:25:50] /a 2
[18/1/2019 21:25:50] /a 2
[18/1/2019 21:25:50] /a 2
[18/1/2019 21:25:50] /a 2
[18/1/2019 21:25:50] /a 2
[18/1/2019 21:25:50] /a 2
[18/1/2019 21:25:50] /a 2
[18/1/2019 21:25:50] /a 2
[18/1/2019 21:25:50] /a 2
[18/1/2019 21:25:50] /a 2
[18/1/2019 21:25:51] /a 2
[18/1/2019 21:25:51] /a 2
[18/1/2019 21:25:51] /a 2
[18/1/2019 21:25:52] /a 2
[18/1/2019 21:25:52] /a 2
[18/1/2019 21:25:52] /a 2
[18/1/2019 21:25:52] /a 2
[18/1/2019 21:25:52] /a 2
[18/1/2019 21:25:52] /a 2
[18/1/2019 21:25:52] /a 2
[18/1/2019 21:25:52] /a 2
[18/1/2019 21:25:52] /a 2
[18/1/2019 21:25:52] /a 2
[18/1/2019 21:25:52] /a 2
[18/1/2019 21:25:52] /a 2
[18/1/2019 21:25:52] /a 2
[18/1/2019 21:25:52] /a 2
[18/1/2019 21:25:52] /a 2
[18/1/2019 21:25:52] /a 2
[18/1/2019 21:25:52] /a 2
[18/1/2019 21:25:52] /a 2
[18/1/2019 21:25:52] /a 2
[18/1/2019 21:25:52] /a 2
[18/1/2019 21:25:52] /a 2
[18/1/2019 21:25:52] /a 2
[18/1/2019 21:25:52] /a 2
[18/1/2019 21:25:52] /a 2
[18/1/2019 21:25:52] /a 2
[18/1/2019 21:25:52] /a 2
[18/1/2019 21:25:52] /a 2
[18/1/2019 21:25:52] /a 2
[18/1/2019 21:25:52] /a 2
[18/1/2019 21:25:52] /a 2
[18/1/2019 21:25:52] /a 2
[18/1/2019 21:25:53] /a 2
[18/1/2019 21:25:53] /a 2
[18/1/2019 21:25:53] /a 2
[18/1/2019 21:25:53] /a 2
[18/1/2019 21:25:53] /a 2
[18/1/2019 21:25:53] /a 2
[18/1/2019 21:25:53] /a 2
[18/1/2019 21:25:53] /a 2
[18/1/2019 21:25:53] /a 2
[18/1/2019 21:25:53] /a 2
[18/1/2019 21:25:53] /a 2
[18/1/2019 21:25:53] /a 2
[18/1/2019 21:25:53] /a 2
[18/1/2019 21:25:53] /a 2
[18/1/2019 21:25:53] /a 2
[18/1/2019 21:25:53] /a 2
[18/1/2019 21:25:53] /a 2
[18/1/2019 21:25:53] /a 2
[18/1/2019 21:25:53] /a 2
[18/1/2019 21:25:53] /a 2
[18/1/2019 21:25:53] /a 2
[18/1/2019 21:25:54] /a 2
[18/1/2019 21:25:55] /a 2
[18/1/2019 21:25:55] /a 2
[18/1/2019 21:25:55] /a 2
[18/1/2019 21:25:55] /a 2
[18/1/2019 21:25:55] /a 2
[18/1/2019 21:25:55] /a 2
[18/1/2019 21:25:55] /a 2
[18/1/2019 21:25:55] /a 2
[18/1/2019 21:25:55] /a 2
[18/1/2019 21:25:55] /a 2
[18/1/2019 21:25:55] /a 2
[18/1/2019 21:25:55] /a 2
[18/1/2019 21:25:55] /a 2
[18/1/2019 21:25:55] /a 2
[18/1/2019 21:25:55] /a 2
[18/1/2019 21:25:55] /a 2
[18/1/2019 21:25:55] /a 2
[18/1/2019 21:25:55] /a 2
[18/1/2019 21:25:55] /a 2
[18/1/2019 21:25:55] /a 2
[18/1/2019 21:25:55] /a 2
[18/1/2019 21:25:55] /a 2
[18/1/2019 21:25:55] /a 2
[18/1/2019 21:25:56] /a 2
[18/1/2019 21:25:56] /a 2
[18/1/2019 21:25:56] /a 2
[18/1/2019 21:25:56] /a 2
[18/1/2019 21:25:56] /a 2
[18/1/2019 21:25:56] /a 2
[18/1/2019 21:25:56] /a 2
[18/1/2019 21:25:56] /a 2
[18/1/2019 21:25:56] /a 2
[18/1/2019 21:25:56] /a 2
[18/1/2019 21:25:56] /a 2
[18/1/2019 21:25:57] /a 2
[18/1/2019 21:25:57] /a 2
[18/1/2019 21:25:57] /a 2
[18/1/2019 21:25:57] /a 2
[18/1/2019 21:25:57] /a 2
[18/1/2019 21:25:57] /a 2
[18/1/2019 21:25:57] /a 2
[18/1/2019 21:25:57] /a 2
[18/1/2019 21:25:58] /a 2
[18/1/2019 21:25:58] /a 2
[18/1/2019 21:25:58] /a 2
[18/1/2019 21:25:58] /a 2
[18/1/2019 21:25:58] /a 2
[18/1/2019 21:25:58] /a 2
[18/1/2019 21:25:59] /a 2
[18/1/2019 21:25:59] /a 2
[18/1/2019 21:25:59] /a 2
[18/1/2019 21:26:0] /a 2
[18/1/2019 21:26:1] /a 2
[18/1/2019 21:26:1] /a 2
[18/1/2019 21:26:2] /a 2
[18/1/2019 21:26:2] /a 2
[18/1/2019 21:26:2] /a 2
[18/1/2019 21:26:3] /a 2
[18/1/2019 21:26:3] /a 2
[18/1/2019 21:26:5] /a 2
[18/1/2019 21:26:5] /a 2
[18/1/2019 21:26:5] /a 2
[18/1/2019 21:26:6] /a 2
[18/1/2019 21:27:16] /a 2
[18/1/2019 21:27:16] /a 2
[18/1/2019 21:27:16] /a 2
[18/1/2019 21:27:16] /a 2
[18/1/2019 21:27:16] /a 2
[18/1/2019 21:27:16] /a 2
[18/1/2019 21:27:16] /a 2
[18/1/2019 21:27:16] /a 2
[18/1/2019 21:27:17] /a 2
[18/1/2019 21:27:17] /a 2
[18/1/2019 21:27:17] /a 2
[18/1/2019 21:27:17] /a 2
[18/1/2019 21:27:17] /a 2
[18/1/2019 21:27:17] /a 2
[18/1/2019 21:27:17] /a 2
[18/1/2019 21:27:17] /a 2
[18/1/2019 21:27:18] /a 2
[18/1/2019 21:27:18] /a 2
[18/1/2019 21:27:18] /a 2
[18/1/2019 21:27:18] /a 2
[18/1/2019 21:27:18] /a 2
[18/1/2019 21:27:18] /a 2
[18/1/2019 21:27:18] /a 2
[18/1/2019 21:27:18] /a 2
[18/1/2019 21:27:18] /a 2
[18/1/2019 21:27:18] /a 2
[18/1/2019 21:27:18] /a 2
[18/1/2019 21:27:18] /a 2
[18/1/2019 21:27:18] /a 2
[18/1/2019 21:27:18] /a 2
[18/1/2019 21:27:18] /a 2
[18/1/2019 21:27:18] /a 2
[18/1/2019 21:27:18] /a 2
[18/1/2019 21:27:18] /a 2
[18/1/2019 21:27:18] /a 2
[18/1/2019 21:27:18] /a 2
[18/1/2019 21:27:18] /a 2
[18/1/2019 21:27:18] /a 2
[18/1/2019 21:27:18] /a 2
[18/1/2019 21:27:19] /a 2
[18/1/2019 21:27:19] /a 2
[18/1/2019 21:27:19] /a 2
[18/1/2019 21:27:19] /a 2
[18/1/2019 21:27:19] /a 2
[18/1/2019 21:27:19] /a 2
[18/1/2019 21:27:19] /a 2
[18/1/2019 21:27:19] /a 2
[18/1/2019 21:27:19] /a 2
[18/1/2019 21:27:19] /a 2
[18/1/2019 21:27:19] /a 2
[18/1/2019 21:27:19] /a 2
[18/1/2019 21:27:19] /a 2
[18/1/2019 21:27:19] /a 2
[18/1/2019 21:27:19] /a 2
[18/1/2019 21:27:19] /a 2
[18/1/2019 21:27:19] /a 2
[18/1/2019 21:27:19] /a 2
[18/1/2019 21:27:19] /a 2
[18/1/2019 21:27:19] /a 2
[18/1/2019 21:27:19] /a 2
[18/1/2019 21:27:19] /a 2
[18/1/2019 21:27:19] /a 2
[18/1/2019 21:27:19] /a 2
[18/1/2019 21:27:19] /a 2
[18/1/2019 21:27:19] /a 2
[18/1/2019 21:27:19] /a 2
[18/1/2019 21:27:19] /a 2
[18/1/2019 21:27:19] /a 2
[18/1/2019 21:27:19] /a 2
[18/1/2019 21:27:19] /a 2
[18/1/2019 21:27:20] /a 2
[18/1/2019 21:27:20] /a 2
[18/1/2019 21:27:20] /a 2
[18/1/2019 21:27:20] /a 2
[18/1/2019 21:27:20] /a 2
[18/1/2019 21:27:20] /a 2
[18/1/2019 21:27:20] /a 2
[18/1/2019 21:27:20] /a 2
[18/1/2019 21:27:20] /a 2
[18/1/2019 21:27:20] /a 2
[18/1/2019 21:27:20] /a 2
[18/1/2019 21:27:20] /a 2
[18/1/2019 21:27:20] /a 2
[18/1/2019 21:27:20] /a 2
[18/1/2019 21:27:20] /a 2
[18/1/2019 21:27:20] /a 2
[18/1/2019 21:27:20] /a 2
[18/1/2019 21:27:20] /a 2
[18/1/2019 21:27:20] /a 2
[18/1/2019 21:27:20] /a 2
[18/1/2019 21:27:20] /a 2
[18/1/2019 21:27:20] /a 2
[18/1/2019 21:27:20] /a 2
[18/1/2019 21:27:20] /a 2
[18/1/2019 21:27:20] /a 2
[18/1/2019 21:27:20] /a 2
[18/1/2019 21:27:20] /a 2
[18/1/2019 21:27:20] /a 2
[18/1/2019 21:27:20] /a 2
[18/1/2019 21:27:20] /a 2
[18/1/2019 21:27:21] /a 2
[18/1/2019 21:27:21] /a 2
[18/1/2019 21:27:21] /a 2
[18/1/2019 21:27:21] /a 2
[18/1/2019 21:27:21] /a 2
[18/1/2019 21:27:21] /a 2
[18/1/2019 21:27:21] /a 2
[18/1/2019 21:27:21] /a 2
[18/1/2019 21:27:21] /a 2
[18/1/2019 21:27:21] /a 2
[18/1/2019 21:27:21] /a 2
[18/1/2019 21:27:21] /a 2
[18/1/2019 21:27:21] /a 2
[18/1/2019 21:27:21] /a 2
[18/1/2019 21:27:21] /a 2
[18/1/2019 21:27:21] /a 2
[18/1/2019 21:27:21] /a 2
[18/1/2019 21:27:21] /a 2
[18/1/2019 21:27:21] /a 2
[18/1/2019 21:27:21] /a 2
[18/1/2019 21:27:21] /a 2
[18/1/2019 21:27:21] /a 2
[18/1/2019 21:27:21] /a 2
[18/1/2019 21:27:21] /a 2
[18/1/2019 21:27:21] /a 2
[18/1/2019 21:27:21] /a 2
[18/1/2019 21:27:21] /a 2
[18/1/2019 21:27:21] /a 2
[18/1/2019 21:27:21] /a 2
[18/1/2019 21:27:21] /a 2
[18/1/2019 21:27:21] /a 2
[18/1/2019 21:27:22] /a 2
[18/1/2019 21:27:22] /a 2
[18/1/2019 21:27:22] /a 2
[18/1/2019 21:27:22] /a 2
[18/1/2019 21:27:22] /a 2
[18/1/2019 21:27:22] /a 2
[18/1/2019 21:27:22] /a 2
[18/1/2019 21:27:22] /a 2
[18/1/2019 21:27:22] /a 2
[18/1/2019 21:27:22] /a 2
[18/1/2019 21:27:22] /a 2
[18/1/2019 21:27:22] /a 2
[18/1/2019 21:27:22] /a 2
[18/1/2019 21:27:22] /a 2
[18/1/2019 21:27:22] /a 2
[18/1/2019 21:27:22] /a 2
[18/1/2019 21:27:22] /a 2
[18/1/2019 21:27:22] /a 2
[18/1/2019 21:27:22] /a 2
[18/1/2019 21:27:22] /a 2
[18/1/2019 21:27:22] /a 2
[18/1/2019 21:27:22] /a 2
[18/1/2019 21:27:22] /a 2
[18/1/2019 21:27:22] /a 2
[18/1/2019 21:27:22] /a 2
[18/1/2019 21:27:22] /a 2
[18/1/2019 21:27:22] /a 2
[18/1/2019 21:27:22] /a 2
[18/1/2019 21:27:22] /a 2
[18/1/2019 21:27:22] /a 2
[18/1/2019 21:27:22] /a 2
[18/1/2019 21:27:23] /a 2
[18/1/2019 21:27:23] /a 2
[18/1/2019 21:27:23] /a 2
[18/1/2019 21:27:23] /a 2
[18/1/2019 21:27:23] /a 2
[18/1/2019 21:27:23] /a 2
[18/1/2019 21:27:23] /a 2
[18/1/2019 21:27:23] /a 2
[18/1/2019 21:27:23] /a 2
[18/1/2019 21:27:23] /a 2
[18/1/2019 21:27:23] /a 2
[18/1/2019 21:27:23] /a 2
[18/1/2019 21:27:24] /a 2
[18/1/2019 21:27:24] /a 2
[18/1/2019 21:27:24] /a 2
[18/1/2019 21:27:24] /a 2
[18/1/2019 21:27:24] /a 2
[18/1/2019 21:27:24] /a 2
[18/1/2019 21:27:24] /a 2
[18/1/2019 21:27:24] /a 2
[18/1/2019 21:27:24] /a 2
[18/1/2019 21:27:24] /a 2
[18/1/2019 21:27:24] /a 2
[18/1/2019 21:27:24] /a 2
[18/1/2019 21:27:24] /a 2
[18/1/2019 21:27:24] /a 2
[18/1/2019 21:27:24] /a 2
[18/1/2019 21:27:24] /a 2
[18/1/2019 21:27:24] /a 2
[18/1/2019 21:27:24] /a 2
[18/1/2019 21:27:24] /a 2
[18/1/2019 21:27:24] /a 2
[18/1/2019 21:27:24] /a 2
[18/1/2019 21:27:24] /a 2
[18/1/2019 21:27:24] /a 2
[18/1/2019 21:27:24] /a 2
[18/1/2019 21:27:24] /a 2
[18/1/2019 21:27:24] /a 2
[18/1/2019 21:27:24] /a 2
[18/1/2019 21:27:25] /a 2
[18/1/2019 21:27:25] /a 2
[18/1/2019 21:27:25] /a 2
[18/1/2019 21:27:25] /a 2
[18/1/2019 21:27:25] /a 2
[18/1/2019 21:27:25] /a 2
[18/1/2019 21:27:25] /a 2
[18/1/2019 21:27:25] /a 2
[18/1/2019 21:27:25] /a 2
[18/1/2019 21:27:25] /a 2
[18/1/2019 21:27:25] /a 2
[18/1/2019 21:27:25] /a 2
[18/1/2019 21:27:25] /a 2
[18/1/2019 21:27:25] /a 2
[18/1/2019 21:27:25] /a 2
[18/1/2019 21:27:25] /a 2
[18/1/2019 21:27:25] /a 2
[18/1/2019 21:27:25] /a 2
[18/1/2019 21:27:25] /a 2
[18/1/2019 21:27:25] /a 2
[18/1/2019 21:27:25] /a 2
[18/1/2019 21:27:25] /a 2
[18/1/2019 21:27:25] /a 2
[18/1/2019 21:27:25] /a 2
[18/1/2019 21:27:25] /a 2
[18/1/2019 21:27:25] /a 2
[18/1/2019 21:27:25] /a 2
[18/1/2019 21:27:25] /a 2
[18/1/2019 21:27:25] /a 2
[18/1/2019 21:27:25] /a 2
[18/1/2019 21:27:26] /a 2
[18/1/2019 21:27:26] /a 2
[18/1/2019 21:27:26] /a 2
[18/1/2019 21:27:26] /a 2
[18/1/2019 21:27:26] /a 2
[18/1/2019 21:27:26] /a 2
[18/1/2019 21:27:26] /a 2
[18/1/2019 21:27:26] /a 2
[18/1/2019 21:27:26] /a 2
[18/1/2019 21:27:26] /a 2
[18/1/2019 21:27:26] /a 2
[18/1/2019 21:27:27] /a 2
[18/1/2019 21:27:27] /a 2
[18/1/2019 21:27:27] /a 2
[18/1/2019 21:27:27] /a 2
[18/1/2019 21:27:27] /a 2
[18/1/2019 21:27:27] /a 2
[18/1/2019 21:27:27] /a 2
[18/1/2019 21:27:27] /a 2
[18/1/2019 21:27:27] /a 2
[18/1/2019 21:27:27] /a 2
[18/1/2019 21:27:27] /a 2
[18/1/2019 21:27:27] /a 2
[18/1/2019 21:27:27] /a 2
[18/1/2019 21:27:27] /a 2
[18/1/2019 21:27:27] /a 2
[18/1/2019 21:27:27] /a 2
[18/1/2019 21:27:28] /a 2
[18/1/2019 21:27:28] /a 2
[18/1/2019 21:27:29] /a 2
[18/1/2019 21:27:29] /a 2
[18/1/2019 21:27:29] /a 2
[18/1/2019 21:27:29] /a 2
[18/1/2019 21:27:29] /a 2
[18/1/2019 21:27:29] /a 2
[18/1/2019 21:27:29] /a 2
[18/1/2019 21:27:29] /a 2
[18/1/2019 21:27:29] /a 2
[18/1/2019 21:27:29] /a 2
[18/1/2019 21:27:30] /a 2
[18/1/2019 21:29:51] /a 2
[18/1/2019 21:29:52] /a 2
[18/1/2019 21:29:52] /a 2
[18/1/2019 21:29:52] /a 2
[18/1/2019 21:29:52] /a 2
[18/1/2019 21:29:52] /a 2
[18/1/2019 21:29:52] /a 2
[18/1/2019 21:29:52] /a 2
[18/1/2019 21:29:52] /a 2
[18/1/2019 21:29:52] /a 2
[18/1/2019 21:29:52] /a 2
[18/1/2019 21:29:52] /a 2
[18/1/2019 21:29:52] /a 2
[18/1/2019 21:29:52] /a 2
[18/1/2019 21:29:52] /a 2
[18/1/2019 21:29:52] /a 2
[18/1/2019 21:29:52] /a 2
[18/1/2019 21:29:52] /a 2
[18/1/2019 21:29:52] /a 2
[18/1/2019 21:29:52] /a 2
[18/1/2019 21:29:52] /a 2
[18/1/2019 21:29:52] /a 2
[18/1/2019 21:29:52] /a 2
[18/1/2019 21:29:52] /a 2
[18/1/2019 21:29:52] /a 2
[18/1/2019 21:29:52] /a 2
[18/1/2019 21:29:52] /a 2
[18/1/2019 21:29:52] /a 2
[18/1/2019 21:29:52] /a 2
[18/1/2019 21:29:53] /a 2
[18/1/2019 21:29:53] /a 2
[18/1/2019 21:29:53] /a 2
[18/1/2019 21:29:53] /a 2
[18/1/2019 21:29:53] /a 2
[18/1/2019 21:29:53] /a 2
[18/1/2019 21:29:53] /a 2
[18/1/2019 21:29:53] /a 2
[18/1/2019 21:29:53] /a 2
[18/1/2019 21:29:53] /a 2
[18/1/2019 21:29:53] /a 2
[18/1/2019 21:29:53] /a 2
[18/1/2019 21:29:53] /a 2
[18/1/2019 21:29:53] /a 2
[18/1/2019 21:29:53] /a 2
[18/1/2019 21:29:53] /a 2
[18/1/2019 21:29:53] /a 2
[18/1/2019 21:29:53] /a 2
[18/1/2019 21:29:53] /a 2
[18/1/2019 21:29:53] /a 2
[18/1/2019 21:29:53] /a 2
[18/1/2019 21:29:53] /a 2
[18/1/2019 21:29:53] /a 2
[18/1/2019 21:29:53] /a 2
[18/1/2019 21:29:53] /a 2
[18/1/2019 21:29:53] /a 2
[18/1/2019 21:29:53] /a 2
[18/1/2019 21:29:53] /a 2
[18/1/2019 21:29:53] /a 2
[18/1/2019 21:29:53] /a 2
[18/1/2019 21:29:53] /a 2
[18/1/2019 21:29:54] /a 2
[18/1/2019 21:29:54] /a 2
[18/1/2019 21:29:54] /a 2
[18/1/2019 21:29:54] /a 2
[18/1/2019 21:29:54] /a 2
[18/1/2019 21:29:54] /a 2
[18/1/2019 21:29:54] /a 2
[18/1/2019 21:29:54] /a 2
[18/1/2019 21:29:54] /a 2
[18/1/2019 21:29:54] /a 2
[18/1/2019 21:29:54] /a 2
[18/1/2019 21:29:54] /a 2
[18/1/2019 21:29:54] /a 2
[18/1/2019 21:29:54] /a 2
[18/1/2019 21:29:54] /a 2
[18/1/2019 21:29:54] /a 2
[18/1/2019 21:29:54] /a 2
[18/1/2019 21:29:54] /a 2
[18/1/2019 21:29:54] /a 2
[18/1/2019 21:29:54] /a 2
[18/1/2019 21:29:54] /a 2
[18/1/2019 21:29:54] /a 2
[18/1/2019 21:29:54] /a 2
[18/1/2019 21:29:54] /a 2
[18/1/2019 21:29:54] /a 2
[18/1/2019 21:29:54] /a 2
[18/1/2019 21:29:54] /a 2
[18/1/2019 21:29:54] /a 2
[18/1/2019 21:29:54] /a 2
[18/1/2019 21:29:54] /a 2
[18/1/2019 21:29:54] /a 2
[18/1/2019 21:29:55] /a 2
[18/1/2019 21:29:55] /a 2
[18/1/2019 21:29:55] /a 2
[18/1/2019 21:29:55] /a 2
[18/1/2019 21:29:55] /a 2
[18/1/2019 21:29:55] /a 2
[18/1/2019 21:29:55] /a 2
[18/1/2019 21:29:55] /a 2
[18/1/2019 21:29:55] /a 2
[18/1/2019 21:29:55] /a 2
[18/1/2019 21:29:55] /a 2
[18/1/2019 21:29:55] /a 2
[18/1/2019 21:29:55] /a 2
[18/1/2019 21:29:55] /a 2
[18/1/2019 21:29:55] /a 2
[18/1/2019 21:29:55] /a 2
[18/1/2019 21:29:55] /a 2
[18/1/2019 21:29:55] /a 2
[18/1/2019 21:29:55] /a 2
[18/1/2019 21:29:55] /a 2
[18/1/2019 21:29:55] /a 2
[18/1/2019 21:29:55] /a 2
[18/1/2019 21:29:55] /a 2
[18/1/2019 21:29:55] /a 2
[18/1/2019 21:29:55] /a 2
[18/1/2019 21:29:55] /a 2
[18/1/2019 21:29:55] /a 2
[18/1/2019 21:29:55] /a 2
[18/1/2019 21:29:55] /a 2
[18/1/2019 21:29:55] /a 2
[18/1/2019 21:29:55] /a 2
[18/1/2019 21:29:56] /a 2
[18/1/2019 21:29:56] /a 2
[18/1/2019 21:29:56] /a 2
[18/1/2019 21:29:56] /a 2
[18/1/2019 21:29:56] /a 2
[18/1/2019 21:29:56] /a 2
[18/1/2019 21:29:56] /a 2
[18/1/2019 21:29:56] /a 2
[18/1/2019 21:29:56] /a 2
[18/1/2019 21:29:56] /a 2
[18/1/2019 21:29:56] /a 2
[18/1/2019 21:29:56] /a 2
[18/1/2019 21:29:56] /a 2
[18/1/2019 21:29:56] /a 2
[18/1/2019 21:29:56] /a 2
[18/1/2019 21:29:56] /a 2
[18/1/2019 21:29:56] /a 2
[18/1/2019 21:29:56] /a 2
[18/1/2019 21:29:56] /a 2
[18/1/2019 21:29:56] /a 2
[18/1/2019 21:29:56] /a 2
[18/1/2019 21:29:56] /a 2
[18/1/2019 21:29:56] /a 2
[18/1/2019 21:29:56] /a 2
[18/1/2019 21:29:56] /a 2
[18/1/2019 21:29:56] /a 2
[18/1/2019 21:29:56] /a 2
[18/1/2019 21:29:56] /a 2
[18/1/2019 21:29:56] /a 2
[18/1/2019 21:29:56] /a 2
[18/1/2019 21:29:56] /a 2
[18/1/2019 21:29:57] /a 2
[18/1/2019 21:29:57] /a 2
[18/1/2019 21:29:57] /a 2
[18/1/2019 21:29:57] /a 2
[18/1/2019 21:29:57] /a 2
[18/1/2019 21:29:57] /a 2
[18/1/2019 21:29:57] /a 2
[18/1/2019 21:29:57] /a 2
[18/1/2019 21:29:57] /a 2
[18/1/2019 21:29:57] /a 2
[18/1/2019 21:29:57] /a 2
[18/1/2019 21:29:57] /a 2
[18/1/2019 21:29:57] /a 2
[18/1/2019 21:29:57] /a 2
[18/1/2019 21:29:57] /a 2
[18/1/2019 21:29:57] /a 2
[18/1/2019 21:29:57] /a 2
[18/1/2019 21:29:57] /a 2
[18/1/2019 21:29:57] /a 2
[18/1/2019 21:29:57] /a 2
[18/1/2019 21:29:57] /a 2
[18/1/2019 21:29:57] /a 2
[18/1/2019 21:29:57] /a 2
[18/1/2019 21:29:57] /a 2
[18/1/2019 21:29:57] /a 2
[18/1/2019 21:29:57] /a 2
[18/1/2019 21:29:57] /a 2
[18/1/2019 21:29:57] /a 2
[18/1/2019 21:29:57] /a 2
[18/1/2019 21:29:57] /a 2
[18/1/2019 21:29:58] /a 2
[18/1/2019 21:29:58] /a 2
[18/1/2019 21:29:58] /a 2
[18/1/2019 21:29:58] /a 2
[18/1/2019 21:29:58] /a 2
[18/1/2019 21:29:58] /a 2
[18/1/2019 21:29:58] /a 2
[18/1/2019 21:29:58] /a 2
[18/1/2019 21:29:58] /a 2
[18/1/2019 21:29:58] /a 2
[18/1/2019 21:29:59] /a 2
[18/1/2019 21:29:59] /a 2
[18/1/2019 21:29:59] /a 2
[18/1/2019 21:29:59] /a 2
[18/1/2019 21:29:59] /a 2
[18/1/2019 21:29:59] /a 2
[18/1/2019 21:29:59] /a 2
[18/1/2019 21:29:59] /a 2
[18/1/2019 21:29:59] /a 2
[18/1/2019 21:29:59] /a 2
[18/1/2019 21:29:59] /a 2
[18/1/2019 21:29:59] /a 2
[18/1/2019 21:29:59] /a 2
[18/1/2019 21:29:59] /a 2
[18/1/2019 21:29:59] /a 2
[18/1/2019 21:29:59] /a 2
[18/1/2019 21:29:59] /a 2
[18/1/2019 21:29:59] /a 2
[18/1/2019 21:29:59] /a 2
[18/1/2019 21:29:59] /a 2
[18/1/2019 21:29:59] /a 2
[18/1/2019 21:29:59] /a 2
[18/1/2019 21:29:59] /a 2
[18/1/2019 21:29:59] /a 2
[18/1/2019 21:29:59] /a 2
[18/1/2019 21:29:59] /a 2
[18/1/2019 21:29:59] /a 2
[18/1/2019 21:29:59] /a 2
[18/1/2019 21:29:59] /a 2
[18/1/2019 21:29:59] /a 2
[18/1/2019 21:30:0] /a 2
[18/1/2019 21:30:0] /a 2
[18/1/2019 21:30:0] /a 2
[18/1/2019 21:30:0] /a 2
[18/1/2019 21:30:0] /a 2
[18/1/2019 21:30:0] /a 2
[18/1/2019 21:30:0] /a 2
[18/1/2019 21:30:0] /a 2
[18/1/2019 21:30:0] /a 2
[18/1/2019 21:30:0] /a 2
[18/1/2019 21:30:0] /a 2
[18/1/2019 21:30:0] /a 2
[18/1/2019 21:30:1] /a 2
[18/1/2019 21:30:1] /a 2
[18/1/2019 21:30:1] /a 2
[18/1/2019 21:30:1] /a 2
[18/1/2019 21:30:1] /a 2
[18/1/2019 21:30:1] /a 2
[18/1/2019 21:30:1] /a 2
[18/1/2019 21:30:1] /a 2
[18/1/2019 21:30:1] /a 2
[18/1/2019 21:30:1] /a 2
[18/1/2019 21:30:1] /a 2
[18/1/2019 21:30:1] /a 2
[18/1/2019 21:30:1] /a 2
[18/1/2019 21:30:1] /a 2
[18/1/2019 21:30:1] /a 2
[18/1/2019 21:30:1] /a 2
[18/1/2019 21:30:1] /a 2
[18/1/2019 21:30:1] /a 2
[18/1/2019 21:30:1] /a 2
[18/1/2019 21:30:1] /a 2
[18/1/2019 21:30:1] /a 2
[18/1/2019 21:30:1] /a 2
[18/1/2019 21:30:1] /a 2
[18/1/2019 21:30:1] /a 2
[18/1/2019 21:30:1] /a 2
[18/1/2019 21:30:1] /a 2
[18/1/2019 21:30:1] /a 2
[18/1/2019 21:30:2] /a 2
[18/1/2019 21:30:2] /a 2
[18/1/2019 21:30:2] /a 2
[18/1/2019 21:30:3] /a 2
[18/1/2019 21:30:3] /a 2
[18/1/2019 21:30:3] /a 2
[18/1/2019 21:30:3] /a 2
[18/1/2019 21:30:3] /a 2
[18/1/2019 21:30:3] /a 2
[18/1/2019 21:30:3] /a 2
[18/1/2019 21:30:3] /a 2
[18/1/2019 21:30:3] /a 2
[18/1/2019 21:30:3] /a 2
[18/1/2019 21:30:3] /a 2
[18/1/2019 21:30:3] /a 2
[18/1/2019 21:30:3] /a 2
[18/1/2019 21:30:3] /a 2
[18/1/2019 21:30:3] /a 2
[18/1/2019 21:30:3] /a 2
[18/1/2019 21:30:3] /a 2
[18/1/2019 21:30:4] /a 2
[18/1/2019 21:30:4] /a 2
[18/1/2019 21:30:4] /a 2
[18/1/2019 21:30:4] /a 2
[18/1/2019 21:30:4] /a 2
[18/1/2019 21:30:4] /a 2
[18/1/2019 21:30:4] /a 2
[18/1/2019 21:30:5] /a 2
[18/1/2019 21:30:5] /a 2
[18/1/2019 21:30:5] /a 2
[18/1/2019 21:30:5] /a 2
[18/1/2019 21:30:5] /a 2
[18/1/2019 21:30:6] /a 2
[18/1/2019 21:30:6] /a 2
[18/1/2019 21:30:10] /a 2
[18/1/2019 21:30:54] /a 2
[18/1/2019 21:30:56] /a 2
[18/1/2019 21:30:56] /a 2
[18/1/2019 21:33:7] /light
[18/1/2019 21:33:14] /a 2
[18/1/2019 21:33:14] /a 2
[18/1/2019 21:33:15] /a 2
[18/1/2019 21:33:15] /a 2
[18/1/2019 21:33:15] /a 2
[18/1/2019 21:33:15] /a 2
[18/1/2019 21:33:15] /a 2
[18/1/2019 21:33:15] /a 2
[18/1/2019 21:33:15] /a 2
[18/1/2019 21:33:15] /a 2
[18/1/2019 21:33:15] /a 2
[18/1/2019 21:33:15] /a 2
[18/1/2019 21:33:15] /a 2
[18/1/2019 21:33:15] /a 2
[18/1/2019 21:33:15] /a 2
[18/1/2019 21:33:15] /a 2
[18/1/2019 21:33:15] /a 2
[18/1/2019 21:33:15] /a 2
[18/1/2019 21:33:15] /a 2
[18/1/2019 21:33:15] /a 2
[18/1/2019 21:33:15] /a 2
[18/1/2019 21:33:15] /a 2
[18/1/2019 21:33:15] /a 2
[18/1/2019 21:33:15] /a 2
[18/1/2019 21:33:15] /a 2
[18/1/2019 21:33:16] /a 2
[18/1/2019 21:33:16] /a 2
[18/1/2019 21:33:16] /a 2
[18/1/2019 21:33:16] /a 2
[18/1/2019 21:33:16] /a 2
[18/1/2019 21:33:16] /a 2
[18/1/2019 21:33:16] /a 2
[18/1/2019 21:33:16] /a 2
[18/1/2019 21:33:16] /a 2
[18/1/2019 21:33:16] /a 2
[18/1/2019 21:33:16] /a 2
[18/1/2019 21:33:16] /a 2
[18/1/2019 21:33:16] /a 2
[18/1/2019 21:33:16] /a 2
[18/1/2019 21:33:16] /a 2
[18/1/2019 21:33:16] /a 2
[18/1/2019 21:33:16] /a 2
[18/1/2019 21:33:16] /a 2
[18/1/2019 21:33:16] /a 2
[18/1/2019 21:33:16] /a 2
[18/1/2019 21:33:16] /a 2
[18/1/2019 21:33:16] /a 2
[18/1/2019 21:33:16] /a 2
[18/1/2019 21:33:16] /a 2
[18/1/2019 21:33:16] /a 2
[18/1/2019 21:33:16] /a 2
[18/1/2019 21:33:16] /a 2
[18/1/2019 21:33:16] /a 2
[18/1/2019 21:33:16] /a 2
[18/1/2019 21:33:17] /a 2
[18/1/2019 21:33:17] /a 2
[18/1/2019 21:33:17] /a 2
[18/1/2019 21:33:17] /a 2
[18/1/2019 21:33:17] /a 2
[18/1/2019 21:33:17] /a 2
[18/1/2019 21:33:17] /a 2
[18/1/2019 21:33:17] /a 2
[18/1/2019 21:33:17] /a 2
[18/1/2019 21:33:17] /a 2
[18/1/2019 21:33:17] /a 2
[18/1/2019 21:33:17] /a 2
[18/1/2019 21:33:17] /a 2
[18/1/2019 21:33:17] /a 2
[18/1/2019 21:33:17] /a 2
[18/1/2019 21:33:17] /a 2
[18/1/2019 21:33:17] /a 2
[18/1/2019 21:33:17] /a 2
[18/1/2019 21:33:17] /a 2
[18/1/2019 21:33:17] /a 2
[18/1/2019 21:33:17] /a 2
[18/1/2019 21:33:17] /a 2
[18/1/2019 21:33:17] /a 2
[18/1/2019 21:33:17] /a 2
[18/1/2019 21:33:17] /a 2
[18/1/2019 21:33:17] /a 2
[18/1/2019 21:33:17] /a 2
[18/1/2019 21:33:17] /a 2
[18/1/2019 21:33:17] /a 2
[18/1/2019 21:33:17] /a 2
[18/1/2019 21:33:17] /a 2
[18/1/2019 21:33:18] /a 2
[18/1/2019 21:33:18] /a 2
[18/1/2019 21:33:18] /a 2
[18/1/2019 21:33:18] /a 2
[18/1/2019 21:33:18] /a 2
[18/1/2019 21:33:18] /a 2
[18/1/2019 21:33:18] /a 2
[18/1/2019 21:33:18] /a 2
[18/1/2019 21:33:18] /a 2
[18/1/2019 21:33:18] /a 2
[18/1/2019 21:33:18] /a 2
[18/1/2019 21:33:18] /a 2
[18/1/2019 21:33:18] /a 2
[18/1/2019 21:33:18] /a 2
[18/1/2019 21:33:18] /a 2
[18/1/2019 21:33:18] /a 2
[18/1/2019 21:33:18] /a 2
[18/1/2019 21:33:18] /a 2
[18/1/2019 21:33:18] /a 2
[18/1/2019 21:33:18] /a 2
[18/1/2019 21:33:18] /a 2
[18/1/2019 21:33:18] /a 2
[18/1/2019 21:33:18] /a 2
[18/1/2019 21:33:18] /a 2
[18/1/2019 21:33:18] /a 2
[18/1/2019 21:33:18] /a 2
[18/1/2019 21:33:18] /a 2
[18/1/2019 21:33:18] /a 2
[18/1/2019 21:33:18] /a 2
[18/1/2019 21:33:18] /a 2
[18/1/2019 21:33:18] /a 2
[18/1/2019 21:33:19] /a 2
[18/1/2019 21:33:19] /a 2
[18/1/2019 21:33:19] /a 2
[18/1/2019 21:33:19] /a 2
[18/1/2019 21:33:19] /a 2
[18/1/2019 21:33:19] /a 2
[18/1/2019 21:33:19] /a 2
[18/1/2019 21:33:19] /a 2
[18/1/2019 21:33:19] /a 2
[18/1/2019 21:33:19] /a 2
[18/1/2019 21:33:19] /a 2
[18/1/2019 21:33:19] /a 2
[18/1/2019 21:33:19] /a 2
[18/1/2019 21:33:19] /a 2
[18/1/2019 21:33:19] /a 2
[18/1/2019 21:33:19] /a 2
[18/1/2019 21:33:19] /a 2
[18/1/2019 21:33:19] /a 2
[18/1/2019 21:33:19] /a 2
[18/1/2019 21:33:19] /a 2
[18/1/2019 21:33:19] /a 2
[18/1/2019 21:33:19] /a 2
[18/1/2019 21:33:19] /a 2
[18/1/2019 21:33:19] /a 2
[18/1/2019 21:33:19] /a 2
[18/1/2019 21:33:19] /a 2
[18/1/2019 21:33:19] /a 2
[18/1/2019 21:33:19] /a 2
[18/1/2019 21:33:19] /a 2
[18/1/2019 21:33:19] /a 2
[18/1/2019 21:33:19] /a 2
[18/1/2019 21:33:20] /a 2
[18/1/2019 21:33:20] /a 2
[18/1/2019 21:33:20] /a 2
[18/1/2019 21:33:20] /a 2
[18/1/2019 21:33:20] /a 2
[18/1/2019 21:33:20] /a 2
[18/1/2019 21:33:20] /a 2
[18/1/2019 21:33:20] /a 2
[18/1/2019 21:33:20] /a 2
[18/1/2019 21:33:21] /a 2
[18/1/2019 21:33:21] /a 2
[18/1/2019 21:33:21] /a 2
[18/1/2019 21:33:21] /a 2
[18/1/2019 21:33:21] /a 2
[18/1/2019 21:33:21] /a 2
[18/1/2019 21:33:21] /a 2
[18/1/2019 21:33:21] /a 2
[18/1/2019 21:33:21] /a 2
[18/1/2019 21:33:21] /a 2
[18/1/2019 21:33:21] /a 2
[18/1/2019 21:33:21] /a 2
[18/1/2019 21:33:21] /a 2
[18/1/2019 21:33:21] /a 2
[18/1/2019 21:33:21] /a 2
[18/1/2019 21:33:21] /a 2
[18/1/2019 21:33:21] /a 2
[18/1/2019 21:33:21] /a 2
[18/1/2019 21:33:21] /a 2
[18/1/2019 21:33:21] /a 2
[18/1/2019 21:33:21] /a 2
[18/1/2019 21:33:22] /a 2
[18/1/2019 21:33:22] /a 2
[18/1/2019 21:33:22] /a 2
[18/1/2019 21:33:22] /a 2
[18/1/2019 21:33:22] /a 2
[18/1/2019 21:33:22] /a 2
[18/1/2019 21:33:22] /a 2
[18/1/2019 21:33:22] /a 2
[18/1/2019 21:33:22] /a 2
[18/1/2019 21:33:22] /a 2
[18/1/2019 21:33:22] /a 2
[18/1/2019 21:33:22] /a 2
[18/1/2019 21:33:22] /a 2
[18/1/2019 21:33:22] /a 2
[18/1/2019 21:33:22] /a 2
[18/1/2019 21:33:22] /a 2
[18/1/2019 21:33:22] /a 2
[18/1/2019 21:33:22] /a 2
[18/1/2019 21:33:23] /a 2
[18/1/2019 21:33:23] /a 2
[18/1/2019 21:33:23] /a 2
[18/1/2019 21:33:23] /a 2
[18/1/2019 21:33:23] /a 2
[18/1/2019 21:33:23] /a 2
[18/1/2019 21:33:23] /a 2
[18/1/2019 21:33:23] /a 2
[18/1/2019 21:33:23] /a 2
[18/1/2019 21:33:23] /a 2
[18/1/2019 21:33:23] /a 2
[18/1/2019 21:33:23] /a 2
[18/1/2019 21:33:23] /a 2
[18/1/2019 21:33:23] /a 2
[18/1/2019 21:33:23] /a 2
[18/1/2019 21:33:23] /a 2
[18/1/2019 21:33:23] /a 2
[18/1/2019 21:33:23] /a 2
[18/1/2019 21:33:23] /a 2
[18/1/2019 21:33:23] /a 2
[18/1/2019 21:33:23] /a 2
[18/1/2019 21:33:23] /a 2
[18/1/2019 21:33:23] /a 2
[18/1/2019 21:33:23] /a 2
[18/1/2019 21:33:23] /a 2
[18/1/2019 21:33:23] /a 2
[18/1/2019 21:33:23] /a 2
[18/1/2019 21:33:23] /a 2
[18/1/2019 21:33:23] /a 2
[18/1/2019 21:33:23] /a 2
[18/1/2019 21:33:23] /a 2
[18/1/2019 21:33:24] /a 2
[18/1/2019 21:33:24] /a 2
[18/1/2019 21:33:24] /a 2
[18/1/2019 21:33:24] /a 2
[18/1/2019 21:33:24] /a 2
[18/1/2019 21:33:24] /a 2
[18/1/2019 21:33:24] /a 2
[18/1/2019 21:33:24] /a 2
[18/1/2019 21:33:24] /a 2
[18/1/2019 21:33:24] /a 2
[18/1/2019 21:33:24] /a 2
[18/1/2019 21:33:25] /a 2
[18/1/2019 21:33:25] /a 2
[18/1/2019 21:33:25] /a 2
[18/1/2019 21:33:25] /a 2
[18/1/2019 21:33:25] /a 2
[18/1/2019 21:33:25] /a 2
[18/1/2019 21:33:25] /a 2
[18/1/2019 21:33:25] /a 2
[18/1/2019 21:33:25] /a 2
[18/1/2019 21:33:25] /a 2
[18/1/2019 21:33:25] /a 2
[18/1/2019 21:33:25] /a 2
[18/1/2019 21:33:25] /a 2
[18/1/2019 21:33:25] /a 2
[18/1/2019 21:33:25] /a 2
[18/1/2019 21:33:25] /a 2
[18/1/2019 21:33:25] /a 2
[18/1/2019 21:33:25] /a 2
[18/1/2019 21:33:25] /a 2
[18/1/2019 21:33:25] /a 2
[18/1/2019 21:33:25] /a 2
[18/1/2019 21:33:25] /a 2
[18/1/2019 21:33:25] /a 2
[18/1/2019 21:33:25] /a 2
[18/1/2019 21:33:25] /a 2
[18/1/2019 21:33:26] /a 2
[18/1/2019 21:33:26] /a 2
[18/1/2019 21:33:27] /a 2
[18/1/2019 21:33:27] /a 2
[18/1/2019 21:33:27] /a 2
[18/1/2019 21:33:27] /a 2
[18/1/2019 21:33:27] /a 2
[18/1/2019 21:33:27] /a 2
[18/1/2019 21:33:27] /a 2
[18/1/2019 21:33:27] /a 2
[18/1/2019 21:33:27] /a 2
[18/1/2019 21:33:27] /a 2
[18/1/2019 21:33:28] /a 2
[18/1/2019 21:33:28] /a 2
[18/1/2019 21:35:46] /ghost
[18/1/2019 21:35:51] /ghost
[18/1/2019 21:35:53] /light
