[12/3/2015 10:24:48] /town 2
[12/3/2015 10:24:53] /town 1
[12/3/2015 10:24:55] /town 3
[12/3/2015 10:24:57] /town 4
[12/3/2015 10:24:59] /town 5
[12/3/2015 10:28:40] /town 6
[12/3/2015 10:28:42] /town 7
[12/3/2015 10:28:46] /town 8
[12/3/2015 10:28:48] /town 6
[12/3/2015 10:28:50] /town 5
[12/3/2015 10:28:51] /town 4
[12/3/2015 10:28:53] /town 3
[12/3/2015 10:28:56] /town 1
[12/3/2015 10:28:57] /town 2
[12/3/2015 10:29:31] /town 9
[12/3/2015 10:30:7] /raid orshabaal
[12/3/2015 10:31:26] /r
[12/3/2015 10:32:13] /addskill maya, level, 100
[12/3/2015 10:32:22] /town 2
[12/3/2015 10:32:26] /town 3
[31/3/2015 17:29:6] /town 9
[31/3/2015 17:29:12] /town 10
[31/3/2015 17:29:24] /town 8
[31/3/2015 17:29:26] /town 7
[31/3/2015 17:29:30] /town 6
[31/3/2015 17:29:33] /town 5
[31/3/2015 17:29:35] /town 4
[31/3/2015 17:29:38] /town 3
[31/3/2015 17:29:40] /town 2
[31/3/2015 17:29:48] /town 1
[31/3/2015 17:30:2] /town 11
[31/3/2015 17:30:37] /town 12
[31/3/2015 17:30:39] /town 13
[31/3/2015 17:30:42] /town 10
[31/3/2015 17:30:48] /town 9
[31/3/2015 17:30:50] /town 8
[31/3/2015 17:30:53] /town 7
[31/3/2015 17:30:55] /town 6
[31/3/2015 17:30:58] /town 5
[31/3/2015 17:31:0] /town 4
[31/3/2015 17:31:1] /town 3
[31/3/2015 17:31:4] /town 2
[31/3/2015 17:31:8] /town 1
[31/3/2015 17:31:36] /r
[31/3/2015 17:31:40] /down
[31/3/2015 17:32:26] /up
[31/3/2015 17:32:56] /town 3
[31/3/2015 17:35:30] /i 2160, 100
[31/3/2015 17:44:13] /i wand of vortex
[31/3/2015 17:45:16] /raid orshabaal
[31/3/2015 17:48:6] /i 1505
[1/4/2015 16:59:54] /r
[1/4/2015 16:59:56] /r
[1/4/2015 17:2:23] /m monk
[1/4/2015 17:2:27] /m monk
[1/4/2015 17:2:33] /m monk
[1/4/2015 17:3:49] /up
[1/4/2015 17:3:58] /up
[1/4/2015 17:4:2] /up
[1/4/2015 17:4:5] /down
[1/4/2015 17:5:35] /town 1
[1/4/2015 17:5:39] /town 3
[1/4/2015 17:7:32] /m dog
[1/4/2015 17:7:52] /newtype 302
[1/4/2015 17:11:21] /i 2160
[1/4/2015 18:18:20] /town 3
[2/4/2015 15:9:38] /reload npc
[2/4/2015 15:11:31] /reload npc
[2/4/2015 15:13:22] /reload npc
[2/4/2015 15:14:58] /reload npc
[2/4/2015 15:15:57] /i spike sword
[2/4/2015 15:23:17] /reload npc
[2/4/2015 15:25:0] /reload npc
[2/4/2015 15:29:17] /reload npc
[2/4/2015 15:30:26] /reload npc
[2/4/2015 17:11:51] /goto Harkath Bloodblade
[2/4/2015 17:14:6] /goto lynda
[2/4/2015 17:35:51] /s galuna
[2/4/2015 17:36:12] /s Galuna
[2/4/2015 17:36:19] /goto Galuna
[2/4/2015 18:20:18] /s eva
[2/4/2015 18:56:17] /reload wolrd
[3/4/2015 6:18:4] /m demon
[3/4/2015 17:25:40] /reload npc
[3/4/2015 17:26:12] /reload npc
[3/4/2015 17:26:30] /reload npc
[3/4/2015 17:27:27] /reload npc
[3/4/2015 17:28:19] /reload npc
[3/4/2015 17:28:36] /reload npc
[3/4/2015 17:30:46] /reload npc
[3/4/2015 17:33:0] /reload npc
[3/4/2015 17:33:30] /reload npc
[3/4/2015 17:33:58] /reload npc
[3/4/2015 17:34:21] /reload npc
[3/4/2015 17:34:43] /reload npc
[3/4/2015 17:35:15] /reload npc
[3/4/2015 17:36:3] /i 5807
[3/4/2015 17:36:49] /i 5805
[3/4/2015 17:37:43] /reload npc
[3/4/2015 17:38:1] /i 2143
[3/4/2015 17:38:19] /i 2144
[3/4/2015 17:38:48] /i 7632
[3/4/2015 17:39:2] /i 7633
[3/4/2015 17:39:13] /i 9971
[3/4/2015 17:39:22] /i 2150
[3/4/2015 17:39:47] /reload npc
[3/4/2015 17:40:17] /i 2145
[3/4/2015 17:40:24] /i 2147
[3/4/2015 17:40:35] /i 9970
[3/4/2015 17:40:55] /reload npc
[3/4/2015 17:43:28] /reload npc
[3/4/2015 17:44:6] /i 7906
[3/4/2015 17:44:34] /i 3903
[3/4/2015 17:49:27] /i 5086
[3/4/2015 17:50:38] /i 1684
[3/4/2015 17:54:42] /i 6115
[3/4/2015 17:55:57] /i 5086
[3/4/2015 17:59:6] /i 1853
[3/4/2015 18:4:52] /i 1851
[3/4/2015 18:5:7] /i 1845
[3/4/2015 18:8:16] /i 3908
[4/4/2015 0:17:18] /i 8840
[4/4/2015 0:17:35] /i 4849
[4/4/2015 0:43:4] /reload movevents
[4/4/2015 0:43:11] /reload moveevents
[4/4/2015 0:44:44] /reload moveevents
[4/4/2015 0:47:3] /reload moveevents
[4/4/2015 0:49:11] /reload moveevents
[4/4/2015 0:50:14] /reload moveevents
[4/4/2015 0:51:27] /reload moveevents
[4/4/2015 0:51:55] /reload moveevents
[4/4/2015 0:52:23] /reload moveevents
[4/4/2015 0:57:42] /reload moveevents
[4/4/2015 1:2:10] /reload moveevents
[4/4/2015 1:2:50] /reload moveevents
[4/4/2015 1:5:47] /reload moveevents
[4/4/2015 1:8:38] /reload moveevents
[4/4/2015 1:12:45] /reload moveevents
[4/4/2015 1:18:45] /reload movevents
[4/4/2015 1:18:50] /reload moveevents
[4/4/2015 1:46:31] /goto anderson
[4/4/2015 2:34:17] /up
[4/4/2015 2:36:14] /i 2172
[4/4/2015 2:37:44] /i 2642
[4/4/2015 2:37:59] /i traper boots
[4/4/2015 2:38:1] /i traper boot
[4/4/2015 2:38:11] /i 2643
[4/4/2015 2:38:14] /i 2644
[4/4/2015 2:38:16] /i 2645
[4/4/2015 2:38:19] /i 2646
[4/4/2015 2:38:22] /i 2647
[4/4/2015 2:38:25] /i 2645
[4/4/2015 2:38:27] /i 2641
[4/4/2015 2:39:14] /i 2645
[4/4/2015 2:40:29] /i 2524
[4/4/2015 2:40:37] /i 2525
[4/4/2015 2:40:48] /i 2523
[4/4/2015 2:40:51] /i 2526
[4/4/2015 2:40:54] /i 2528
[4/4/2015 2:40:56] /i 2527
[4/4/2015 2:41:0] /i 2528
[4/4/2015 2:41:2] /i 2529
[4/4/2015 2:41:5] /i 2530
[4/4/2015 2:41:8] /i 2531
[4/4/2015 2:41:11] /i 2532
[4/4/2015 2:41:13] /i 2533
[4/4/2015 2:41:15] /i 2534
[4/4/2015 2:41:17] /i 2535
[4/4/2015 2:41:24] /i 2536
[4/4/2015 2:41:28] /i 2537
[4/4/2015 2:41:30] /i 2538
[4/4/2015 2:41:31] /i 2539
[4/4/2015 2:41:34] /i 2540
[4/4/2015 2:41:36] /i 2541
[4/4/2015 2:41:38] /i 2542
[4/4/2015 2:41:40] /i 2543
[4/4/2015 2:41:49] /i 2531
[4/4/2015 2:41:53] /i 2525
[4/4/2015 2:41:55] /i 2521
[4/4/2015 2:46:19] /down
[4/4/2015 3:8:25] /r
[4/4/2015 3:45:31] /reload npc
[4/4/2015 3:49:45] /up
[4/4/2015 3:50:25] /up
[4/4/2015 3:50:26] /up
[4/4/2015 3:50:27] /up
[4/4/2015 3:50:27] /up
[5/4/2015 23:15:18] /up
[5/4/2015 23:15:20] /up
[6/4/2015 0:44:59] /i 2260
[6/4/2015 0:45:4] /i 2001
[6/4/2015 0:45:9] /i 2001
[6/4/2015 0:45:12] /i 2260
[6/4/2015 4:32:9] /i shovel
[6/4/2015 5:15:6] /i shovel
[6/4/2015 5:16:42] /up
[6/4/2015 5:16:53] /up
[6/4/2015 5:17:11] /goto gould
[6/4/2015 5:17:22] /goto skeleton
[6/4/2015 5:20:34] /i 3461
[6/4/2015 5:20:38] /r
[6/4/2015 5:23:18] /i 3698
[6/4/2015 5:47:47] /i 3698
[6/4/2015 5:51:32] /up
[6/4/2015 6:36:12] /reload actions
[6/4/2015 6:44:6] /reload actions
[6/4/2015 6:45:5] /reload actions
[6/4/2015 6:45:27] /reload actions
[6/4/2015 6:46:48] /reload actions
[6/4/2015 6:58:38] /reload actions
[6/4/2015 7:0:59] /reload actions
[6/4/2015 7:2:32] /reload actions
[6/4/2015 7:3:28] /reload actions
[6/4/2015 7:3:38] /reload actions
[6/4/2015 7:4:30] /reload actions
[6/4/2015 7:4:47] /reload actions
[6/4/2015 7:10:55] /reload actions
[6/4/2015 7:11:26] /reload actions
[6/4/2015 7:12:18] /reload actions
[6/4/2015 7:12:27] /reload actions
[6/4/2015 7:13:19] /reload actions
[6/4/2015 7:13:55] /reload actions
[6/4/2015 7:14:23] /reload actions
[6/4/2015 7:15:51] /reload actions
[6/4/2015 7:16:15] /reload actions
[6/4/2015 7:17:37] /goto skeleton
[6/4/2015 7:18:8] /down
[6/4/2015 7:24:29] /reload actions
[6/4/2015 7:30:23] /reload actions
[6/4/2015 7:33:36] /reload actions
[6/4/2015 7:35:43] /reload actions
[6/4/2015 7:36:21] /i 1945
[6/4/2015 7:36:25] /r
[6/4/2015 7:37:14] /reload actions
[6/4/2015 7:38:4] /reload actions
[6/4/2015 7:39:19] /reload actions
[6/4/2015 17:32:0] /i 1212
[6/4/2015 17:32:5] /r
[6/4/2015 18:36:59] /m avalanche
[6/4/2015 18:39:16] /m Flamethrower
[6/4/2015 20:13:18] /m Elder Beholder
[6/4/2015 20:13:57] /m Betrayed Wraith
[6/4/2015 20:29:24] /i 2411
[6/4/2015 20:29:34] /reload actions
[6/4/2015 20:29:51] /up
[6/4/2015 20:30:7] /goto skeleton
[6/4/2015 20:34:1] /reload actions
[6/4/2015 20:34:41] /i 2709
[6/4/2015 20:34:47] /r
[6/4/2015 20:39:8] /m ferumbras
[6/4/2015 20:39:11] /m ferumbra
[6/4/2015 20:42:30] /reload monster
[6/4/2015 20:42:34] /m ferumbra
[6/4/2015 20:44:16] /reload monster
[6/4/2015 20:44:24] /m ferumbra
[6/4/2015 20:44:57] /m ferumbras
[6/4/2015 20:46:50] /r
[6/4/2015 20:46:58] /m ferumbras
[6/4/2015 20:48:54] /i 6080
[6/4/2015 20:49:50] /r
[6/4/2015 20:50:9] /reload monster
[6/4/2015 20:50:18] /m ferumbras
[6/4/2015 20:51:11] /r
[6/4/2015 20:53:52] /i 2415
[6/4/2015 20:54:33] /r
[6/4/2015 20:54:38] /reload monster
[6/4/2015 20:54:44] /m ferumbras
[6/4/2015 20:55:21] /m ferumbras
[6/4/2015 20:57:33] /reload monster
[6/4/2015 20:57:36] /m ferumbras
[6/4/2015 20:59:7] /m orshabaal
[6/4/2015 20:59:11] /r
[7/4/2015 0:44:22] /reload actions
[7/4/2015 1:36:7] /reload moveevent
[7/4/2015 1:36:13] /reload actions
[7/4/2015 1:51:34] /reload actions
[5/7/2015 0:46:43] /i 1988
[5/7/2015 0:47:2] /i 2465
[5/7/2015 0:47:11] /i 2457
[5/7/2015 0:47:21] /i 2160
[5/7/2015 0:54:26] /i 2465
[5/7/2015 0:54:34] /i 1988
[5/7/2015 0:54:47] /i 2554
[5/7/2015 0:54:52] /i 2160
[5/7/2015 0:55:2] /i amulet of loss
[5/7/2015 1:11:31] /i 2173
[5/7/2015 1:29:59] /i 2173
[5/7/2015 1:34:10] /i 2173
[5/7/2015 1:34:12] /i 2173
[5/7/2015 1:34:14] /i 2173
[5/7/2015 1:34:55] /i meat
[6/7/2015 17:26:10] /i amulet of loss
[6/7/2015 18:15:0] /i amulet of loss
