[1/1/2018 19:45:16] /i 1
[1/1/2018 19:46:14] /i cristal coin
[1/1/2018 19:46:22] /i crystal coin
[1/1/2018 19:52:19] /invisible
[1/1/2018 19:52:21] /invisible
[1/1/2018 19:52:22] /invisible
[1/1/2018 19:52:23] /invisible
[1/1/2018 19:52:25] /invisible
[1/1/2018 19:52:30] /ghost
[1/1/2018 19:52:31] /ghost
[1/1/2018 19:53:9] /mkick
[1/1/2018 19:53:11] /mkick 2
[1/1/2018 19:53:30] /b
[1/1/2018 19:53:32] /b 2
[1/1/2018 19:53:36] /kick
[1/1/2018 19:53:37] /kick 1
[1/1/2018 19:53:40] /b oi
[1/1/2018 19:53:53] /up
[1/1/2018 19:56:12] /light
[1/1/2018 19:56:45] /goto
[1/1/2018 19:56:48] /goto cyclips
[1/1/2018 19:56:53] /goto cyclops
[1/1/2018 19:57:4] /goto dwarf
[1/1/2018 19:57:6] /goto dwarf
[1/1/2018 19:57:12] /goto dwarf
[1/1/2018 19:57:16] /goto dwarf
[1/1/2018 19:57:20] /goto dwarf
[1/1/2018 19:57:26] /goto dwarf
[1/1/2018 19:57:30] /goto dwarf
[1/1/2018 19:57:31] /goto dwarf
[1/1/2018 19:57:41] /goto demon
[1/1/2018 19:58:44] /goto demon
[1/1/2018 19:58:48] /goto dragon
[1/1/2018 19:58:52] /goto hydra
[1/1/2018 19:59:11] /goto rook
[1/1/2018 19:59:15] /town rook
[1/1/2018 19:59:17] /town rookgaard
[1/1/2018 20:2:19] /raid
[1/1/2018 20:2:23] /raid munster
[1/1/2018 20:2:49] /raid orshabaal
[1/1/2018 20:3:50] /town rookgaard
[1/1/2018 20:5:51] /town rookgaard
[1/1/2018 20:6:4] /light
[1/1/2018 20:10:44] /town rookgaard
[1/1/2018 20:10:46] /light
[1/1/2018 20:10:47] /light
[1/1/2018 20:10:48] /light
[1/1/2018 20:10:50] /light
[1/1/2018 20:10:50] /light
[1/1/2018 20:10:51] /light
[1/1/2018 20:10:57] /light
[1/1/2018 20:11:0] /light
[1/1/2018 20:15:22] /town carlin
[1/1/2018 20:16:21] /goto orshabaal
[1/1/2018 20:21:29] /goto wyrm
[1/1/2018 20:21:34] /goto wyrven
[1/1/2018 20:21:37] /goto wyrvem
[1/1/2018 20:21:46] /town carlin
[1/1/2018 20:21:53] /goto amazon
[1/1/2018 20:24:17] /m
[1/1/2018 20:24:21] /m training monk[
[1/1/2018 20:24:23] /m training monk
[1/1/2018 20:25:56] /addskill
[1/1/2018 20:26:6] /addskill Arkos, magic
[1/1/2018 20:26:7] /addskill Arkos, magic
[1/1/2018 20:26:15] /addskill Arkos, magic
[1/1/2018 20:26:16] /addskill Arkos, magic
[1/1/2018 20:26:16] /addskill Arkos, magic
[1/1/2018 20:26:16] /addskill Arkos, magic
[1/1/2018 20:26:16] /addskill Arkos, magic
[1/1/2018 20:26:16] /addskill Arkos, magic
[1/1/2018 20:26:16] /addskill Arkos, magic
[1/1/2018 20:26:16] /addskill Arkos, magic
[1/1/2018 20:26:16] /addskill Arkos, magic
[1/1/2018 20:26:16] /addskill Arkos, magic
[1/1/2018 20:26:16] /addskill Arkos, magic
[1/1/2018 20:26:16] /addskill Arkos, magic
[1/1/2018 20:26:16] /addskill Arkos, magic
[1/1/2018 20:26:16] /addskill Arkos, magic
[1/1/2018 20:26:16] /addskill Arkos, magic
[1/1/2018 20:26:16] /addskill Arkos, magic
[1/1/2018 20:26:16] /addskill Arkos, magic
[1/1/2018 20:26:18] /addskill Arkos, magic
[1/1/2018 20:26:18] /addskill Arkos, magic
[1/1/2018 20:26:18] /addskill Arkos, magic
[1/1/2018 20:26:18] /addskill Arkos, magic
[1/1/2018 20:26:19] /addskill Arkos, magic
[1/1/2018 20:26:19] /addskill Arkos, magic
[1/1/2018 20:26:19] /addskill Arkos, magic
[1/1/2018 20:26:19] /addskill Arkos, magic
[1/1/2018 20:26:19] /addskill Arkos, magic
[1/1/2018 20:26:19] /addskill Arkos, magic
[1/1/2018 20:26:19] /addskill Arkos, magic
[1/1/2018 20:26:19] /addskill Arkos, magic
[1/1/2018 20:26:19] /addskill Arkos, magic
[1/1/2018 20:26:19] /addskill Arkos, magic
[1/1/2018 20:26:19] /addskill Arkos, magic
[1/1/2018 20:26:19] /addskill Arkos, magic
[1/1/2018 20:26:19] /addskill Arkos, magic
[1/1/2018 20:26:19] /addskill Arkos, magic
[1/1/2018 20:26:19] /addskill Arkos, magic
[1/1/2018 20:26:19] /addskill Arkos, magic
[1/1/2018 20:26:19] /addskill Arkos, magic
[1/1/2018 20:26:20] /addskill Arkos, magic
[1/1/2018 20:26:20] /addskill Arkos, magic
[1/1/2018 20:26:20] /addskill Arkos, magic
[1/1/2018 20:26:20] /addskill Arkos, magic
[1/1/2018 20:26:20] /addskill Arkos, magic
[1/1/2018 20:26:20] /addskill Arkos, magic
[1/1/2018 20:26:20] /addskill Arkos, magic
[1/1/2018 20:26:20] /addskill Arkos, magic
[1/1/2018 20:26:20] /addskill Arkos, magic
[1/1/2018 20:26:20] /addskill Arkos, magic
[1/1/2018 20:26:20] /addskill Arkos, magic
[1/1/2018 20:26:20] /addskill Arkos, magic
[1/1/2018 20:26:20] /addskill Arkos, magic
[1/1/2018 20:26:20] /addskill Arkos, magic
[1/1/2018 20:26:20] /addskill Arkos, magic
[1/1/2018 20:26:20] /addskill Arkos, magic
[1/1/2018 20:26:20] /addskill Arkos, magic
[1/1/2018 20:26:20] /addskill Arkos, magic
[1/1/2018 20:26:20] /addskill Arkos, magic
[1/1/2018 20:26:20] /addskill Arkos, magic
[1/1/2018 20:26:20] /addskill Arkos, magic
[1/1/2018 20:26:20] /addskill Arkos, magic
[1/1/2018 20:26:20] /addskill Arkos, magic
[1/1/2018 20:26:20] /addskill Arkos, magic
[1/1/2018 20:26:21] /addskill Arkos, magic
[1/1/2018 20:26:21] /addskill Arkos, magic
[1/1/2018 20:26:21] /addskill Arkos, magic
[1/1/2018 20:26:21] /addskill Arkos, magic
[1/1/2018 20:26:21] /addskill Arkos, magic
[1/1/2018 20:26:21] /addskill Arkos, magic
[1/1/2018 20:26:21] /addskill Arkos, magic
[1/1/2018 20:26:21] /addskill Arkos, magic
[1/1/2018 20:26:21] /addskill Arkos, magic
[1/1/2018 20:26:21] /addskill Arkos, magic
[1/1/2018 20:26:22] /addskill Arkos, magic
[1/1/2018 20:26:22] /addskill Arkos, magic
[1/1/2018 20:26:22] /addskill Arkos, magic
[1/1/2018 20:26:22] /addskill Arkos, magic
[1/1/2018 20:26:22] /addskill Arkos, magic
[1/1/2018 20:26:23] /addskill Arkos, magic
[1/1/2018 20:26:23] /addskill Arkos, magic
[1/1/2018 20:26:23] /addskill Arkos, magic
[1/1/2018 20:26:24] /addskill Arkos, magic
[1/1/2018 20:26:24] /addskill Arkos, magic
[1/1/2018 20:26:24] /addskill Arkos, magic
[1/1/2018 20:26:24] /addskill Arkos, magic
[1/1/2018 20:26:24] /addskill Arkos, magic
[1/1/2018 20:26:24] /addskill Arkos, magic
[1/1/2018 20:26:24] /addskill Arkos, magic
[1/1/2018 20:26:24] /addskill Arkos, magic
[1/1/2018 20:26:24] /addskill Arkos, magic
[1/1/2018 20:26:24] /addskill Arkos, magic
[1/1/2018 20:26:24] /addskill Arkos, magic
[1/1/2018 20:26:24] /addskill Arkos, magic
[1/1/2018 20:26:24] /addskill Arkos, magic
[1/1/2018 20:26:24] /addskill Arkos, magic
[1/1/2018 20:26:24] /addskill Arkos, magic
[1/1/2018 20:26:24] /addskill Arkos, magic
[1/1/2018 20:26:24] /addskill Arkos, magic
[1/1/2018 20:26:24] /addskill Arkos, magic
[1/1/2018 20:26:24] /addskill Arkos, magic
[1/1/2018 20:26:24] /addskill Arkos, magic
[1/1/2018 20:26:24] /addskill Arkos, magic
[1/1/2018 20:26:24] /addskill Arkos, magic
[1/1/2018 20:26:24] /addskill Arkos, magic
[1/1/2018 20:26:24] /addskill Arkos, magic
[1/1/2018 20:26:24] /addskill Arkos, magic
[1/1/2018 20:26:24] /addskill Arkos, magic
[1/1/2018 20:26:24] /addskill Arkos, magic
[1/1/2018 20:26:24] /addskill Arkos, magic
[1/1/2018 20:26:52] /i 2268
[1/1/2018 20:26:53] /i 2268
[1/1/2018 20:26:54] /i 2268
[1/1/2018 20:26:54] /i 2268
[1/1/2018 20:26:55] /i 2268
[1/1/2018 20:26:57] /i 2268
[1/1/2018 20:26:59] /i 2268
[1/1/2018 20:27:1] /i 2268
[1/1/2018 20:27:3] /i 2268
[1/1/2018 20:27:27] /i 2268
[1/1/2018 20:27:32] /i 2268
[1/1/2018 20:27:32] /i 2268
[1/1/2018 20:27:33] /i 2268
[1/1/2018 20:27:33] /i 2268
[1/1/2018 20:27:34] /i 2268
[1/1/2018 20:27:34] /i 2268
[1/1/2018 20:27:35] /i 2268
[1/1/2018 20:27:35] /i 2268
[1/1/2018 20:27:35] /i 2268
[1/1/2018 20:27:35] /i 2268
[1/1/2018 20:27:35] /i 2268
[1/1/2018 20:27:35] /i 2268
[1/1/2018 20:27:36] /i 2268
[1/1/2018 20:27:36] /i 2268
[1/1/2018 20:27:36] /i 2268
[1/1/2018 20:27:36] /i 2268
[1/1/2018 20:27:36] /i 2268
[1/1/2018 20:27:36] /i 2268
[1/1/2018 20:27:37] /i 2268
[1/1/2018 20:27:37] /i 2268
[1/1/2018 20:27:37] /i 2268
[1/1/2018 20:27:37] /i 2268
[1/1/2018 20:27:37] /i 2268
[1/1/2018 20:27:37] /i 2268
[1/1/2018 20:27:37] /i 2268
[1/1/2018 20:27:37] /i 2268
[1/1/2018 20:27:37] /i 2268
[1/1/2018 20:27:37] /i 2268
[1/1/2018 20:27:37] /i 2268
[1/1/2018 20:27:37] /i 2268
[1/1/2018 20:27:38] /i 2268
[1/1/2018 20:27:38] /i 2268
[1/1/2018 20:27:38] /i 2268
[1/1/2018 20:27:38] /i 2268
[1/1/2018 20:27:38] /i 2268
[1/1/2018 20:27:38] /i 2268
[1/1/2018 20:28:6] /addskill Arkos, magic
[1/1/2018 20:28:6] /addskill Arkos, magic
[1/1/2018 20:28:7] /addskill Arkos, magic
[1/1/2018 20:28:7] /addskill Arkos, magic
[1/1/2018 20:28:7] /addskill Arkos, magic
[1/1/2018 20:28:7] /addskill Arkos, magic
[1/1/2018 20:28:7] /addskill Arkos, magic
[1/1/2018 20:28:7] /addskill Arkos, magic
[1/1/2018 20:28:7] /addskill Arkos, magic
[1/1/2018 20:28:7] /addskill Arkos, magic
[1/1/2018 20:28:7] /addskill Arkos, magic
[1/1/2018 20:28:7] /addskill Arkos, magic
[1/1/2018 20:28:7] /addskill Arkos, magic
[1/1/2018 20:28:7] /addskill Arkos, magic
[1/1/2018 20:28:7] /addskill Arkos, magic
[1/1/2018 20:28:7] /addskill Arkos, magic
[1/1/2018 20:28:7] /addskill Arkos, magic
[1/1/2018 20:28:7] /addskill Arkos, magic
[1/1/2018 20:28:7] /addskill Arkos, magic
[1/1/2018 20:28:7] /addskill Arkos, magic
[1/1/2018 20:28:7] /addskill Arkos, magic
[1/1/2018 20:28:7] /addskill Arkos, magic
[1/1/2018 20:28:7] /addskill Arkos, magic
[1/1/2018 20:28:7] /addskill Arkos, magic
[1/1/2018 20:28:7] /addskill Arkos, magic
[1/1/2018 20:28:7] /addskill Arkos, magic
[1/1/2018 20:28:8] /addskill Arkos, magic
[1/1/2018 20:28:8] /addskill Arkos, magic
[1/1/2018 20:28:8] /addskill Arkos, magic
[1/1/2018 20:28:8] /addskill Arkos, magic
[1/1/2018 20:28:8] /addskill Arkos, magic
[1/1/2018 20:28:8] /addskill Arkos, magic
[1/1/2018 20:28:8] /addskill Arkos, magic
[1/1/2018 20:28:8] /addskill Arkos, magic
[1/1/2018 20:28:8] /addskill Arkos, magic
[1/1/2018 20:28:8] /addskill Arkos, magic
[1/1/2018 20:28:8] /addskill Arkos, magic
[1/1/2018 20:28:8] /addskill Arkos, magic
[1/1/2018 20:28:8] /addskill Arkos, magic
[1/1/2018 20:28:8] /addskill Arkos, magic
[1/1/2018 20:28:8] /addskill Arkos, magic
[1/1/2018 20:28:8] /addskill Arkos, magic
[1/1/2018 20:28:8] /addskill Arkos, magic
[1/1/2018 20:28:8] /addskill Arkos, magic
[1/1/2018 20:28:8] /addskill Arkos, magic
[1/1/2018 20:28:8] /addskill Arkos, magic
[1/1/2018 20:28:8] /addskill Arkos, magic
[1/1/2018 20:28:8] /addskill Arkos, magic
[1/1/2018 20:28:8] /addskill Arkos, magic
[1/1/2018 20:28:8] /addskill Arkos, magic
[1/1/2018 20:28:8] /addskill Arkos, magic
[1/1/2018 20:28:8] /addskill Arkos, magic
[1/1/2018 20:28:8] /addskill Arkos, magic
[1/1/2018 20:28:8] /addskill Arkos, magic
[1/1/2018 20:28:8] /addskill Arkos, magic
[1/1/2018 20:28:8] /addskill Arkos, magic
[1/1/2018 20:28:8] /addskill Arkos, magic
[1/1/2018 20:28:9] /addskill Arkos, magic
[1/1/2018 20:28:9] /addskill Arkos, magic
[1/1/2018 20:28:9] /addskill Arkos, magic
[1/1/2018 20:28:9] /addskill Arkos, magic
[1/1/2018 20:28:9] /addskill Arkos, magic
[1/1/2018 20:28:9] /addskill Arkos, magic
[1/1/2018 20:28:9] /addskill Arkos, magic
[1/1/2018 20:28:9] /addskill Arkos, magic
[1/1/2018 20:28:9] /addskill Arkos, magic
[1/1/2018 20:28:9] /addskill Arkos, magic
[1/1/2018 20:28:9] /addskill Arkos, magic
[1/1/2018 20:28:9] /addskill Arkos, magic
[1/1/2018 20:28:9] /addskill Arkos, magic
[1/1/2018 20:28:9] /addskill Arkos, magic
[1/1/2018 20:28:9] /addskill Arkos, magic
[1/1/2018 20:28:9] /addskill Arkos, magic
[1/1/2018 20:28:9] /addskill Arkos, magic
[1/1/2018 20:28:9] /addskill Arkos, magic
[1/1/2018 20:28:9] /addskill Arkos, magic
[1/1/2018 20:28:9] /addskill Arkos, magic
[1/1/2018 20:28:9] /addskill Arkos, magic
[1/1/2018 20:28:9] /addskill Arkos, magic
[1/1/2018 20:28:9] /addskill Arkos, magic
[1/1/2018 20:28:9] /addskill Arkos, magic
[1/1/2018 20:28:9] /addskill Arkos, magic
[1/1/2018 20:28:9] /addskill Arkos, magic
[1/1/2018 20:28:9] /addskill Arkos, magic
[1/1/2018 20:28:9] /addskill Arkos, magic
[1/1/2018 20:28:10] /addskill Arkos, magic
[1/1/2018 20:28:10] /addskill Arkos, magic
[1/1/2018 20:28:10] /addskill Arkos, magic
[1/1/2018 20:28:10] /addskill Arkos, magic
[1/1/2018 20:28:10] /addskill Arkos, magic
[1/1/2018 20:28:10] /addskill Arkos, magic
[1/1/2018 20:28:11] /addskill Arkos, magic
[1/1/2018 20:28:11] /addskill Arkos, magic
[1/1/2018 20:28:11] /addskill Arkos, magic
[1/1/2018 20:28:11] /addskill Arkos, magic
[1/1/2018 20:28:11] /addskill Arkos, magic
[1/1/2018 20:28:11] /addskill Arkos, magic
[1/1/2018 20:28:11] /addskill Arkos, magic
[1/1/2018 20:28:11] /addskill Arkos, magic
[1/1/2018 20:28:11] /addskill Arkos, magic
[1/1/2018 20:28:11] /addskill Arkos, magic
[1/1/2018 20:28:11] /addskill Arkos, magic
[1/1/2018 20:28:12] /addskill Arkos, magic
[1/1/2018 20:28:12] /addskill Arkos, magic
[1/1/2018 20:28:12] /addskill Arkos, magic
[1/1/2018 20:28:12] /addskill Arkos, magic
[1/1/2018 20:28:12] /addskill Arkos, magic
[1/1/2018 20:28:12] /addskill Arkos, magic
[1/1/2018 20:28:12] /addskill Arkos, magic
[1/1/2018 20:28:12] /addskill Arkos, magic
[1/1/2018 20:28:12] /addskill Arkos, magic
[1/1/2018 20:28:12] /addskill Arkos, magic
[1/1/2018 20:28:12] /addskill Arkos, magic
[1/1/2018 20:28:12] /addskill Arkos, magic
[1/1/2018 20:28:12] /addskill Arkos, magic
[1/1/2018 20:28:12] /addskill Arkos, magic
[1/1/2018 20:28:12] /addskill Arkos, magic
[1/1/2018 20:28:12] /addskill Arkos, magic
[1/1/2018 20:28:12] /addskill Arkos, magic
[1/1/2018 20:28:12] /addskill Arkos, magic
[1/1/2018 20:28:12] /addskill Arkos, magic
[1/1/2018 20:28:12] /addskill Arkos, magic
[1/1/2018 20:28:12] /addskill Arkos, magic
[1/1/2018 20:28:12] /addskill Arkos, magic
[1/1/2018 20:28:12] /addskill Arkos, magic
[1/1/2018 20:28:12] /addskill Arkos, magic
[1/1/2018 20:28:12] /addskill Arkos, magic
[1/1/2018 20:28:12] /addskill Arkos, magic
[1/1/2018 20:28:12] /addskill Arkos, magic
[1/1/2018 20:28:12] /addskill Arkos, magic
[1/1/2018 20:28:12] /addskill Arkos, magic
[1/1/2018 20:28:12] /addskill Arkos, magic
[1/1/2018 20:28:12] /addskill Arkos, magic
[1/1/2018 20:28:13] /addskill Arkos, magic
[1/1/2018 20:28:13] /addskill Arkos, magic
[1/1/2018 20:28:13] /addskill Arkos, magic
[1/1/2018 20:28:13] /addskill Arkos, magic
[1/1/2018 20:28:13] /addskill Arkos, magic
[1/1/2018 20:28:13] /addskill Arkos, magic
[1/1/2018 20:28:13] /addskill Arkos, magic
[1/1/2018 20:28:13] /addskill Arkos, magic
[1/1/2018 20:28:13] /addskill Arkos, magic
[1/1/2018 20:28:13] /addskill Arkos, magic
[1/1/2018 20:28:13] /addskill Arkos, magic
[1/1/2018 20:28:13] /addskill Arkos, magic
[1/1/2018 20:28:13] /addskill Arkos, magic
[1/1/2018 20:28:13] /addskill Arkos, magic
[1/1/2018 20:28:13] /addskill Arkos, magic
[1/1/2018 20:28:13] /addskill Arkos, magic
[1/1/2018 20:28:13] /addskill Arkos, magic
[1/1/2018 20:28:13] /addskill Arkos, magic
[1/1/2018 20:28:13] /addskill Arkos, magic
[1/1/2018 20:28:13] /addskill Arkos, magic
[1/1/2018 20:28:13] /addskill Arkos, magic
[1/1/2018 20:28:14] /addskill Arkos, magic
[1/1/2018 20:28:14] /addskill Arkos, magic
[1/1/2018 20:28:14] /addskill Arkos, magic
[1/1/2018 20:28:14] /addskill Arkos, magic
[1/1/2018 20:28:14] /addskill Arkos, magic
[1/1/2018 20:28:14] /addskill Arkos, magic
[1/1/2018 20:28:15] /addskill Arkos, magic
[1/1/2018 20:28:15] /addskill Arkos, magic
[1/1/2018 20:28:15] /addskill Arkos, magic
[1/1/2018 20:28:15] /addskill Arkos, magic
[1/1/2018 20:28:15] /addskill Arkos, magic
[1/1/2018 20:28:16] /addskill Arkos, magic
[1/1/2018 20:28:16] /addskill Arkos, magic
[1/1/2018 20:28:16] /addskill Arkos, magic
[1/1/2018 20:28:16] /addskill Arkos, magic
[1/1/2018 20:28:16] /addskill Arkos, magic
[1/1/2018 20:28:17] /addskill Arkos, magic
[1/1/2018 20:28:17] /addskill Arkos, magic
[1/1/2018 20:28:17] /addskill Arkos, magic
[1/1/2018 20:28:17] /addskill Arkos, magic
[1/1/2018 20:28:17] /addskill Arkos, magic
[1/1/2018 20:28:18] /addskill Arkos, magic
[1/1/2018 20:28:18] /addskill Arkos, magic
[1/1/2018 20:28:18] /addskill Arkos, magic
[1/1/2018 20:28:18] /addskill Arkos, magic
[1/1/2018 20:28:18] /addskill Arkos, magic
[1/1/2018 20:28:19] /addskill Arkos, magic
[1/1/2018 20:28:19] /addskill Arkos, magic
[1/1/2018 20:28:19] /addskill Arkos, magic
[1/1/2018 20:28:19] /addskill Arkos, magic
[1/1/2018 20:28:19] /addskill Arkos, magic
[1/1/2018 20:28:20] /addskill Arkos, magic
[1/1/2018 20:28:20] /addskill Arkos, magic
[1/1/2018 20:28:20] /addskill Arkos, magic
[1/1/2018 20:28:20] /addskill Arkos, magic
[1/1/2018 20:28:20] /addskill Arkos, magic
[1/1/2018 20:28:21] /addskill Arkos, magic
[1/1/2018 20:28:21] /addskill Arkos, magic
[1/1/2018 20:28:21] /addskill Arkos, magic
[1/1/2018 20:28:21] /addskill Arkos, magic
[1/1/2018 20:28:21] /addskill Arkos, magic
[1/1/2018 20:28:22] /addskill Arkos, magic
[1/1/2018 20:28:22] /addskill Arkos, magic
[1/1/2018 20:28:22] /addskill Arkos, magic
[1/1/2018 20:28:22] /addskill Arkos, magic
[1/1/2018 20:28:22] /addskill Arkos, magic
[1/1/2018 20:28:23] /addskill Arkos, magic
[1/1/2018 20:28:23] /addskill Arkos, magic
[1/1/2018 20:28:23] /addskill Arkos, magic
[1/1/2018 20:28:23] /addskill Arkos, magic
[1/1/2018 20:28:23] /addskill Arkos, magic
[1/1/2018 20:28:24] /addskill Arkos, magic
[1/1/2018 20:28:24] /addskill Arkos, magic
[1/1/2018 20:28:24] /addskill Arkos, magic
[1/1/2018 20:28:24] /addskill Arkos, magic
[1/1/2018 20:28:25] /addskill Arkos, magic
[1/1/2018 20:28:25] /addskill Arkos, magic
[1/1/2018 20:28:25] /addskill Arkos, magic
[1/1/2018 20:28:25] /addskill Arkos, magic
[1/1/2018 20:28:25] /addskill Arkos, magic
[1/1/2018 20:28:26] /addskill Arkos, magic
[1/1/2018 20:28:26] /addskill Arkos, magic
[1/1/2018 20:28:26] /addskill Arkos, magic
[1/1/2018 20:28:26] /addskill Arkos, magic
[1/1/2018 20:28:27] /addskill Arkos, magic
[1/1/2018 20:28:27] /addskill Arkos, magic
[1/1/2018 20:28:27] /addskill Arkos, magic
[1/1/2018 20:28:27] /addskill Arkos, magic
[1/1/2018 20:28:28] /addskill Arkos, magic
[1/1/2018 20:28:28] /addskill Arkos, magic
[1/1/2018 20:28:28] /addskill Arkos, magic
[1/1/2018 20:28:28] /addskill Arkos, magic
[1/1/2018 20:28:28] /addskill Arkos, magic
[1/1/2018 20:28:29] /addskill Arkos, magic
[1/1/2018 20:28:29] /addskill Arkos, magic
[1/1/2018 20:28:29] /addskill Arkos, magic
[1/1/2018 20:28:29] /addskill Arkos, magic
[1/1/2018 20:28:30] /addskill Arkos, magic
[1/1/2018 20:28:30] /addskill Arkos, magic
[1/1/2018 20:28:30] /addskill Arkos, magic
[1/1/2018 20:28:30] /addskill Arkos, magic
[1/1/2018 20:28:31] /addskill Arkos, magic
[1/1/2018 20:28:31] /addskill Arkos, magic
[1/1/2018 20:28:31] /addskill Arkos, magic
[1/1/2018 20:28:31] /addskill Arkos, magic
[1/1/2018 20:28:32] /addskill Arkos, magic
[1/1/2018 20:28:32] /addskill Arkos, magic
[1/1/2018 20:28:32] /addskill Arkos, magic
[1/1/2018 20:28:32] /addskill Arkos, magic
[1/1/2018 20:28:32] /addskill Arkos, magic
[1/1/2018 20:28:33] /addskill Arkos, magic
[1/1/2018 20:28:34] /addskill Arkos, magic
[1/1/2018 20:28:34] /addskill Arkos, magic
[1/1/2018 20:28:35] /addskill Arkos, magic
[1/1/2018 20:28:35] /addskill Arkos, magic
[1/1/2018 20:28:35] /addskill Arkos, magic
[1/1/2018 20:28:36] /addskill Arkos, magic
[1/1/2018 20:28:36] /addskill Arkos, magic
[1/1/2018 20:28:54] /addskill Arkos, magic
[1/1/2018 20:29:16] /goto roshabaal
[1/1/2018 20:29:22] /goto orshabaal
[1/1/2018 20:31:14] /i 2268
[1/1/2018 20:32:17] /town carlin
[1/1/2018 22:29:31] /town thais
[1/1/2018 22:30:26] /town venore
[1/1/2018 22:31:21] /town carlin
[1/1/2018 22:34:6] /town veore
[1/1/2018 22:34:10] /town venore
[1/1/2018 22:37:54] /goto eva
[1/1/2018 22:38:11] /goto venore
[1/1/2018 22:38:15] /goto venore
[1/1/2018 22:38:20] /town venore
[1/1/2018 22:39:36] /town carlin
[1/1/2018 22:40:24] /town thais
[1/1/2018 22:43:4] /town thais
[1/1/2018 22:43:9] /town carlin
[1/1/2018 22:46:55] /i crown
[1/1/2018 22:48:21] /light
[1/1/2018 23:18:17] /ghost
[1/1/2018 23:18:20] /ghost
[1/1/2018 23:28:57] /m training monk
[1/1/2018 23:29:3] /goto training monk
[1/1/2018 23:29:20] /goto training monk
[1/1/2018 23:29:26] /town thais
[1/1/2018 23:29:54] /goto training monk
[1/1/2018 23:30:4] /m training monk
[1/1/2018 23:32:25] /shutdown 10
[1/1/2018 23:32:27] /shutdown 14
[1/1/2018 23:32:29] /shutdown 13
[1/1/2018 23:32:34] /shutdown 12
[1/1/2018 23:32:42] /shutdown 10
[1/1/2018 23:32:51] /shutdown 10
[1/1/2018 23:33:3] /shutdown 9
[1/1/2018 23:33:9] /shutdown stop
[1/1/2018 23:33:16] /shutdown 3
[1/1/2018 23:33:20] /shutdown 2
[1/1/2018 23:33:26] /shutdown stop
[1/1/2018 23:33:29] /shutdown 2
[1/1/2018 23:33:32] /shutdown stop
[1/1/2018 23:33:34] /shutdown 1
[1/1/2018 23:35:7] /shutdown 1
[1/1/2018 23:35:11] /shutdown stop
[1/1/2018 23:35:13] /shutdown 1
[1/1/2018 23:35:30] /shutdown
[18/1/2019 20:18:34] /light
[18/1/2019 20:26:20] /light
[18/1/2019 20:32:30] /light
[18/1/2019 20:33:54] /light
[18/1/2019 20:35:36] /light
